24-Mar-2020 16:39:06.507 INFO [main] org.apache.catalina.startup.VersionLoggerListener.log Server version name:   Apache Tomcat/9.0.17
24-Mar-2020 16:39:06.510 INFO [main] org.apache.catalina.startup.VersionLoggerListener.log Server built:          Mar 13 2019 15:55:27 UTC
24-Mar-2020 16:39:06.511 INFO [main] org.apache.catalina.startup.VersionLoggerListener.log Server version number: 9.0.17.0
24-Mar-2020 16:39:06.511 INFO [main] org.apache.catalina.startup.VersionLoggerListener.log OS Name:               Mac OS X
24-Mar-2020 16:39:06.511 INFO [main] org.apache.catalina.startup.VersionLoggerListener.log OS Version:            10.14.6
24-Mar-2020 16:39:06.511 INFO [main] org.apache.catalina.startup.VersionLoggerListener.log Architecture:          x86_64
24-Mar-2020 16:39:06.512 INFO [main] org.apache.catalina.startup.VersionLoggerListener.log Java Home:             /Library/Java/JavaVirtualMachines/jdk-11.0.2.jdk/Contents/Home
24-Mar-2020 16:39:06.512 INFO [main] org.apache.catalina.startup.VersionLoggerListener.log JVM Version:           11.0.2+9-LTS
24-Mar-2020 16:39:06.512 INFO [main] org.apache.catalina.startup.VersionLoggerListener.log JVM Vendor:            Oracle Corporation
24-Mar-2020 16:39:06.512 INFO [main] org.apache.catalina.startup.VersionLoggerListener.log CATALINA_BASE:         /Users/rim/Downloads/apache-tomcat-9.0.17
24-Mar-2020 16:39:06.512 INFO [main] org.apache.catalina.startup.VersionLoggerListener.log CATALINA_HOME:         /Users/rim/Downloads/apache-tomcat-9.0.17
24-Mar-2020 16:39:06.514 INFO [main] org.apache.catalina.startup.VersionLoggerListener.log Command line argument: --add-opens=java.base/java.lang=ALL-UNNAMED
24-Mar-2020 16:39:06.514 INFO [main] org.apache.catalina.startup.VersionLoggerListener.log Command line argument: --add-opens=java.base/java.io=ALL-UNNAMED
24-Mar-2020 16:39:06.514 INFO [main] org.apache.catalina.startup.VersionLoggerListener.log Command line argument: --add-opens=java.rmi/sun.rmi.transport=ALL-UNNAMED
24-Mar-2020 16:39:06.515 INFO [main] org.apache.catalina.startup.VersionLoggerListener.log Command line argument: -Djava.util.logging.config.file=/Users/rim/Downloads/apache-tomcat-9.0.17/conf/logging.properties
24-Mar-2020 16:39:06.515 INFO [main] org.apache.catalina.startup.VersionLoggerListener.log Command line argument: -Djava.util.logging.manager=org.apache.juli.ClassLoaderLogManager
24-Mar-2020 16:39:06.515 INFO [main] org.apache.catalina.startup.VersionLoggerListener.log Command line argument: -Djdk.tls.ephemeralDHKeySize=2048
24-Mar-2020 16:39:06.515 INFO [main] org.apache.catalina.startup.VersionLoggerListener.log Command line argument: -Djava.protocol.handler.pkgs=org.apache.catalina.webresources
24-Mar-2020 16:39:06.515 INFO [main] org.apache.catalina.startup.VersionLoggerListener.log Command line argument: -Dorg.apache.catalina.security.SecurityListener.UMASK=0027
24-Mar-2020 16:39:06.515 INFO [main] org.apache.catalina.startup.VersionLoggerListener.log Command line argument: -Dignore.endorsed.dirs=
24-Mar-2020 16:39:06.516 INFO [main] org.apache.catalina.startup.VersionLoggerListener.log Command line argument: -Dcatalina.base=/Users/rim/Downloads/apache-tomcat-9.0.17
24-Mar-2020 16:39:06.516 INFO [main] org.apache.catalina.startup.VersionLoggerListener.log Command line argument: -Dcatalina.home=/Users/rim/Downloads/apache-tomcat-9.0.17
24-Mar-2020 16:39:06.516 INFO [main] org.apache.catalina.startup.VersionLoggerListener.log Command line argument: -Djava.io.tmpdir=/Users/rim/Downloads/apache-tomcat-9.0.17/temp
24-Mar-2020 16:39:06.516 INFO [main] org.apache.catalina.core.AprLifecycleListener.lifecycleEvent The APR based Apache Tomcat Native library which allows optimal performance in production environments was not found on the java.library.path: [/Users/rim/Library/Java/Extensions:/Library/Java/Extensions:/Network/Library/Java/Extensions:/System/Library/Java/Extensions:/usr/lib/java:.]
24-Mar-2020 16:39:06.559 INFO [main] org.apache.coyote.AbstractProtocol.init Initializing ProtocolHandler ["http-nio-8080"]
24-Mar-2020 16:39:06.578 SEVERE [main] org.apache.catalina.util.LifecycleBase.handleSubClassException Failed to initialize component [Connector[HTTP/1.1-8080]]
 org.apache.catalina.LifecycleException: Protocol handler initialization failed
	at org.apache.catalina.connector.Connector.initInternal(Connector.java:983)
	at org.apache.catalina.util.LifecycleBase.init(LifecycleBase.java:136)
	at org.apache.catalina.core.StandardService.initInternal(StandardService.java:535)
	at org.apache.catalina.util.LifecycleBase.init(LifecycleBase.java:136)
	at org.apache.catalina.core.StandardServer.initInternal(StandardServer.java:1055)
	at org.apache.catalina.util.LifecycleBase.init(LifecycleBase.java:136)
	at org.apache.catalina.startup.Catalina.load(Catalina.java:585)
	at org.apache.catalina.startup.Catalina.load(Catalina.java:608)
	at java.base/jdk.internal.reflect.NativeMethodAccessorImpl.invoke0(Native Method)
	at java.base/jdk.internal.reflect.NativeMethodAccessorImpl.invoke(NativeMethodAccessorImpl.java:62)
	at java.base/jdk.internal.reflect.DelegatingMethodAccessorImpl.invoke(DelegatingMethodAccessorImpl.java:43)
	at java.base/java.lang.reflect.Method.invoke(Method.java:566)
	at org.apache.catalina.startup.Bootstrap.load(Bootstrap.java:306)
	at org.apache.catalina.startup.Bootstrap.main(Bootstrap.java:491)
Caused by: java.net.BindException: Address already in use
	at java.base/sun.nio.ch.Net.bind0(Native Method)
	at java.base/sun.nio.ch.Net.bind(Net.java:461)
	at java.base/sun.nio.ch.Net.bind(Net.java:453)
	at java.base/sun.nio.ch.ServerSocketChannelImpl.bind(ServerSocketChannelImpl.java:227)
	at java.base/sun.nio.ch.ServerSocketAdaptor.bind(ServerSocketAdaptor.java:80)
	at org.apache.tomcat.util.net.NioEndpoint.initServerSocket(NioEndpoint.java:236)
	at org.apache.tomcat.util.net.NioEndpoint.bind(NioEndpoint.java:210)
	at org.apache.tomcat.util.net.AbstractEndpoint.bindWithCleanup(AbstractEndpoint.java:1103)
	at org.apache.tomcat.util.net.AbstractEndpoint.init(AbstractEndpoint.java:1116)
	at org.apache.coyote.AbstractProtocol.init(AbstractProtocol.java:557)
	at org.apache.coyote.http11.AbstractHttp11Protocol.init(AbstractHttp11Protocol.java:74)
	at org.apache.catalina.connector.Connector.initInternal(Connector.java:980)
	... 13 more

24-Mar-2020 16:39:06.580 INFO [main] org.apache.coyote.AbstractProtocol.init Initializing ProtocolHandler ["ajp-nio-8009"]
24-Mar-2020 16:39:06.582 SEVERE [main] org.apache.catalina.util.LifecycleBase.handleSubClassException Failed to initialize component [Connector[AJP/1.3-8009]]
 org.apache.catalina.LifecycleException: Protocol handler initialization failed
	at org.apache.catalina.connector.Connector.initInternal(Connector.java:983)
	at org.apache.catalina.util.LifecycleBase.init(LifecycleBase.java:136)
	at org.apache.catalina.core.StandardService.initInternal(StandardService.java:535)
	at org.apache.catalina.util.LifecycleBase.init(LifecycleBase.java:136)
	at org.apache.catalina.core.StandardServer.initInternal(StandardServer.java:1055)
	at org.apache.catalina.util.LifecycleBase.init(LifecycleBase.java:136)
	at org.apache.catalina.startup.Catalina.load(Catalina.java:585)
	at org.apache.catalina.startup.Catalina.load(Catalina.java:608)
	at java.base/jdk.internal.reflect.NativeMethodAccessorImpl.invoke0(Native Method)
	at java.base/jdk.internal.reflect.NativeMethodAccessorImpl.invoke(NativeMethodAccessorImpl.java:62)
	at java.base/jdk.internal.reflect.DelegatingMethodAccessorImpl.invoke(DelegatingMethodAccessorImpl.java:43)
	at java.base/java.lang.reflect.Method.invoke(Method.java:566)
	at org.apache.catalina.startup.Bootstrap.load(Bootstrap.java:306)
	at org.apache.catalina.startup.Bootstrap.main(Bootstrap.java:491)
Caused by: java.net.BindException: Address already in use
	at java.base/sun.nio.ch.Net.bind0(Native Method)
	at java.base/sun.nio.ch.Net.bind(Net.java:461)
	at java.base/sun.nio.ch.Net.bind(Net.java:453)
	at java.base/sun.nio.ch.ServerSocketChannelImpl.bind(ServerSocketChannelImpl.java:227)
	at java.base/sun.nio.ch.ServerSocketAdaptor.bind(ServerSocketAdaptor.java:80)
	at org.apache.tomcat.util.net.NioEndpoint.initServerSocket(NioEndpoint.java:236)
	at org.apache.tomcat.util.net.NioEndpoint.bind(NioEndpoint.java:210)
	at org.apache.tomcat.util.net.AbstractEndpoint.bindWithCleanup(AbstractEndpoint.java:1103)
	at org.apache.tomcat.util.net.AbstractEndpoint.init(AbstractEndpoint.java:1116)
	at org.apache.coyote.AbstractProtocol.init(AbstractProtocol.java:557)
	at org.apache.catalina.connector.Connector.initInternal(Connector.java:980)
	... 13 more

24-Mar-2020 16:39:06.583 INFO [main] org.apache.catalina.startup.Catalina.load Server initialization in [482] milliseconds
24-Mar-2020 16:39:06.630 INFO [main] org.apache.catalina.core.StandardService.startInternal Starting service [Catalina]
24-Mar-2020 16:39:06.630 INFO [main] org.apache.catalina.core.StandardEngine.startInternal Starting Servlet engine: [Apache Tomcat/9.0.17]
24-Mar-2020 16:39:06.638 INFO [main] org.apache.catalina.startup.HostConfig.deployDirectory Deploying web application directory [/Users/rim/Downloads/apache-tomcat-9.0.17/webapps/miniCalc]
24-Mar-2020 16:39:06.965 INFO [main] org.apache.catalina.startup.HostConfig.deployDirectory Deployment of web application directory [/Users/rim/Downloads/apache-tomcat-9.0.17/webapps/miniCalc] has finished in [327] ms
24-Mar-2020 16:39:06.967 INFO [main] org.apache.catalina.startup.HostConfig.deployDirectory Deploying web application directory [/Users/rim/Downloads/apache-tomcat-9.0.17/webapps/docs]
24-Mar-2020 16:39:06.983 INFO [main] org.apache.catalina.startup.HostConfig.deployDirectory Deployment of web application directory [/Users/rim/Downloads/apache-tomcat-9.0.17/webapps/docs] has finished in [16] ms
24-Mar-2020 16:39:06.983 INFO [main] org.apache.catalina.startup.HostConfig.deployDirectory Deploying web application directory [/Users/rim/Downloads/apache-tomcat-9.0.17/webapps/manager]
24-Mar-2020 16:39:07.008 INFO [main] org.apache.catalina.startup.HostConfig.deployDirectory Deployment of web application directory [/Users/rim/Downloads/apache-tomcat-9.0.17/webapps/manager] has finished in [25] ms
24-Mar-2020 16:39:07.009 INFO [main] org.apache.catalina.startup.HostConfig.deployDirectory Deploying web application directory [/Users/rim/Downloads/apache-tomcat-9.0.17/webapps/examples]
24-Mar-2020 16:39:07.211 INFO [main] org.apache.catalina.startup.HostConfig.deployDirectory Deployment of web application directory [/Users/rim/Downloads/apache-tomcat-9.0.17/webapps/examples] has finished in [202] ms
24-Mar-2020 16:39:07.211 INFO [main] org.apache.catalina.startup.HostConfig.deployDirectory Deploying web application directory [/Users/rim/Downloads/apache-tomcat-9.0.17/webapps/ROOT]
24-Mar-2020 16:39:07.224 INFO [main] org.apache.catalina.startup.HostConfig.deployDirectory Deployment of web application directory [/Users/rim/Downloads/apache-tomcat-9.0.17/webapps/ROOT] has finished in [13] ms
24-Mar-2020 16:39:07.224 INFO [main] org.apache.catalina.startup.HostConfig.deployDirectory Deploying web application directory [/Users/rim/Downloads/apache-tomcat-9.0.17/webapps/host-manager]
24-Mar-2020 16:39:07.240 INFO [main] org.apache.catalina.startup.HostConfig.deployDirectory Deployment of web application directory [/Users/rim/Downloads/apache-tomcat-9.0.17/webapps/host-manager] has finished in [16] ms
24-Mar-2020 16:39:07.244 INFO [main] org.apache.catalina.startup.Catalina.start Server startup in [661] milliseconds
24-Mar-2020 16:39:07.249 SEVERE [main] org.apache.catalina.core.StandardServer.await Failed to create server shutdown socket on address [localhost] and port [8005] (base port [8005] and offset [0])
 java.net.BindException: Address already in use (Bind failed)
	at java.base/java.net.PlainSocketImpl.socketBind(Native Method)
	at java.base/java.net.AbstractPlainSocketImpl.bind(AbstractPlainSocketImpl.java:436)
	at java.base/java.net.ServerSocket.bind(ServerSocket.java:381)
	at java.base/java.net.ServerSocket.<init>(ServerSocket.java:243)
	at org.apache.catalina.core.StandardServer.await(StandardServer.java:582)
	at org.apache.catalina.startup.Catalina.await(Catalina.java:722)
	at org.apache.catalina.startup.Catalina.start(Catalina.java:668)
	at java.base/jdk.internal.reflect.NativeMethodAccessorImpl.invoke0(Native Method)
	at java.base/jdk.internal.reflect.NativeMethodAccessorImpl.invoke(NativeMethodAccessorImpl.java:62)
	at java.base/jdk.internal.reflect.DelegatingMethodAccessorImpl.invoke(DelegatingMethodAccessorImpl.java:43)
	at java.base/java.lang.reflect.Method.invoke(Method.java:566)
	at org.apache.catalina.startup.Bootstrap.start(Bootstrap.java:350)
	at org.apache.catalina.startup.Bootstrap.main(Bootstrap.java:492)

24-Mar-2020 16:39:07.250 INFO [main] org.apache.coyote.AbstractProtocol.pause Pausing ProtocolHandler ["http-nio-8080"]
24-Mar-2020 16:39:07.250 INFO [main] org.apache.coyote.AbstractProtocol.pause Pausing ProtocolHandler ["ajp-nio-8009"]
24-Mar-2020 16:39:07.250 INFO [main] org.apache.catalina.core.StandardService.stopInternal Stopping service [Catalina]
24-Mar-2020 16:39:07.268 INFO [main] org.apache.coyote.AbstractProtocol.stop Stopping ProtocolHandler ["http-nio-8080"]
24-Mar-2020 16:39:07.268 INFO [main] org.apache.coyote.AbstractProtocol.destroy Destroying ProtocolHandler ["http-nio-8080"]
24-Mar-2020 16:39:07.268 INFO [main] org.apache.coyote.AbstractProtocol.stop Stopping ProtocolHandler ["ajp-nio-8009"]
24-Mar-2020 16:39:07.268 INFO [main] org.apache.coyote.AbstractProtocol.destroy Destroying ProtocolHandler ["ajp-nio-8009"]
24-Mar-2020 16:49:37.114 INFO [main] org.apache.catalina.startup.VersionLoggerListener.log Server version name:   Apache Tomcat/9.0.17
24-Mar-2020 16:49:37.117 INFO [main] org.apache.catalina.startup.VersionLoggerListener.log Server built:          Mar 13 2019 15:55:27 UTC
24-Mar-2020 16:49:37.118 INFO [main] org.apache.catalina.startup.VersionLoggerListener.log Server version number: 9.0.17.0
24-Mar-2020 16:49:37.118 INFO [main] org.apache.catalina.startup.VersionLoggerListener.log OS Name:               Mac OS X
24-Mar-2020 16:49:37.118 INFO [main] org.apache.catalina.startup.VersionLoggerListener.log OS Version:            10.14.6
24-Mar-2020 16:49:37.118 INFO [main] org.apache.catalina.startup.VersionLoggerListener.log Architecture:          x86_64
24-Mar-2020 16:49:37.118 INFO [main] org.apache.catalina.startup.VersionLoggerListener.log Java Home:             /Library/Java/JavaVirtualMachines/jdk-11.0.2.jdk/Contents/Home
24-Mar-2020 16:49:37.118 INFO [main] org.apache.catalina.startup.VersionLoggerListener.log JVM Version:           11.0.2+9-LTS
24-Mar-2020 16:49:37.118 INFO [main] org.apache.catalina.startup.VersionLoggerListener.log JVM Vendor:            Oracle Corporation
24-Mar-2020 16:49:37.119 INFO [main] org.apache.catalina.startup.VersionLoggerListener.log CATALINA_BASE:         /Users/rim/Downloads/apache-tomcat-9.0.17
24-Mar-2020 16:49:37.119 INFO [main] org.apache.catalina.startup.VersionLoggerListener.log CATALINA_HOME:         /Users/rim/Downloads/apache-tomcat-9.0.17
24-Mar-2020 16:49:37.121 INFO [main] org.apache.catalina.startup.VersionLoggerListener.log Command line argument: --add-opens=java.base/java.lang=ALL-UNNAMED
24-Mar-2020 16:49:37.121 INFO [main] org.apache.catalina.startup.VersionLoggerListener.log Command line argument: --add-opens=java.base/java.io=ALL-UNNAMED
24-Mar-2020 16:49:37.121 INFO [main] org.apache.catalina.startup.VersionLoggerListener.log Command line argument: --add-opens=java.rmi/sun.rmi.transport=ALL-UNNAMED
24-Mar-2020 16:49:37.121 INFO [main] org.apache.catalina.startup.VersionLoggerListener.log Command line argument: -Djava.util.logging.config.file=/Users/rim/Downloads/apache-tomcat-9.0.17/conf/logging.properties
24-Mar-2020 16:49:37.121 INFO [main] org.apache.catalina.startup.VersionLoggerListener.log Command line argument: -Djava.util.logging.manager=org.apache.juli.ClassLoaderLogManager
24-Mar-2020 16:49:37.121 INFO [main] org.apache.catalina.startup.VersionLoggerListener.log Command line argument: -Djdk.tls.ephemeralDHKeySize=2048
24-Mar-2020 16:49:37.121 INFO [main] org.apache.catalina.startup.VersionLoggerListener.log Command line argument: -Djava.protocol.handler.pkgs=org.apache.catalina.webresources
24-Mar-2020 16:49:37.122 INFO [main] org.apache.catalina.startup.VersionLoggerListener.log Command line argument: -Dorg.apache.catalina.security.SecurityListener.UMASK=0027
24-Mar-2020 16:49:37.122 INFO [main] org.apache.catalina.startup.VersionLoggerListener.log Command line argument: -Dignore.endorsed.dirs=
24-Mar-2020 16:49:37.122 INFO [main] org.apache.catalina.startup.VersionLoggerListener.log Command line argument: -Dcatalina.base=/Users/rim/Downloads/apache-tomcat-9.0.17
24-Mar-2020 16:49:37.122 INFO [main] org.apache.catalina.startup.VersionLoggerListener.log Command line argument: -Dcatalina.home=/Users/rim/Downloads/apache-tomcat-9.0.17
24-Mar-2020 16:49:37.122 INFO [main] org.apache.catalina.startup.VersionLoggerListener.log Command line argument: -Djava.io.tmpdir=/Users/rim/Downloads/apache-tomcat-9.0.17/temp
24-Mar-2020 16:49:37.122 INFO [main] org.apache.catalina.core.AprLifecycleListener.lifecycleEvent The APR based Apache Tomcat Native library which allows optimal performance in production environments was not found on the java.library.path: [/Users/rim/Library/Java/Extensions:/Library/Java/Extensions:/Network/Library/Java/Extensions:/System/Library/Java/Extensions:/usr/lib/java:.]
24-Mar-2020 16:49:37.165 INFO [main] org.apache.coyote.AbstractProtocol.init Initializing ProtocolHandler ["http-nio-8080"]
24-Mar-2020 16:49:37.196 INFO [main] org.apache.coyote.AbstractProtocol.init Initializing ProtocolHandler ["ajp-nio-8009"]
24-Mar-2020 16:49:37.197 INFO [main] org.apache.catalina.startup.Catalina.load Server initialization in [467] milliseconds
24-Mar-2020 16:49:37.244 INFO [main] org.apache.catalina.core.StandardService.startInternal Starting service [Catalina]
24-Mar-2020 16:49:37.244 INFO [main] org.apache.catalina.core.StandardEngine.startInternal Starting Servlet engine: [Apache Tomcat/9.0.17]
24-Mar-2020 16:49:37.250 INFO [main] org.apache.catalina.startup.HostConfig.deployDirectory Deploying web application directory [/Users/rim/Downloads/apache-tomcat-9.0.17/webapps/miniCalc]
24-Mar-2020 16:49:37.544 INFO [main] org.apache.catalina.startup.HostConfig.deployDirectory Deployment of web application directory [/Users/rim/Downloads/apache-tomcat-9.0.17/webapps/miniCalc] has finished in [294] ms
24-Mar-2020 16:49:37.545 INFO [main] org.apache.catalina.startup.HostConfig.deployDirectory Deploying web application directory [/Users/rim/Downloads/apache-tomcat-9.0.17/webapps/docs]
24-Mar-2020 16:49:37.564 INFO [main] org.apache.catalina.startup.HostConfig.deployDirectory Deployment of web application directory [/Users/rim/Downloads/apache-tomcat-9.0.17/webapps/docs] has finished in [19] ms
24-Mar-2020 16:49:37.564 INFO [main] org.apache.catalina.startup.HostConfig.deployDirectory Deploying web application directory [/Users/rim/Downloads/apache-tomcat-9.0.17/webapps/manager]
24-Mar-2020 16:49:37.594 INFO [main] org.apache.catalina.startup.HostConfig.deployDirectory Deployment of web application directory [/Users/rim/Downloads/apache-tomcat-9.0.17/webapps/manager] has finished in [30] ms
24-Mar-2020 16:49:37.594 INFO [main] org.apache.catalina.startup.HostConfig.deployDirectory Deploying web application directory [/Users/rim/Downloads/apache-tomcat-9.0.17/webapps/examples]
24-Mar-2020 16:49:37.786 INFO [main] org.apache.catalina.startup.HostConfig.deployDirectory Deployment of web application directory [/Users/rim/Downloads/apache-tomcat-9.0.17/webapps/examples] has finished in [192] ms
24-Mar-2020 16:49:37.787 INFO [main] org.apache.catalina.startup.HostConfig.deployDirectory Deploying web application directory [/Users/rim/Downloads/apache-tomcat-9.0.17/webapps/ROOT]
24-Mar-2020 16:49:37.801 INFO [main] org.apache.catalina.startup.HostConfig.deployDirectory Deployment of web application directory [/Users/rim/Downloads/apache-tomcat-9.0.17/webapps/ROOT] has finished in [15] ms
24-Mar-2020 16:49:37.801 INFO [main] org.apache.catalina.startup.HostConfig.deployDirectory Deploying web application directory [/Users/rim/Downloads/apache-tomcat-9.0.17/webapps/host-manager]
24-Mar-2020 16:49:37.820 INFO [main] org.apache.catalina.startup.HostConfig.deployDirectory Deployment of web application directory [/Users/rim/Downloads/apache-tomcat-9.0.17/webapps/host-manager] has finished in [19] ms
24-Mar-2020 16:49:37.824 INFO [main] org.apache.coyote.AbstractProtocol.start Starting ProtocolHandler ["http-nio-8080"]
24-Mar-2020 16:49:37.833 INFO [main] org.apache.coyote.AbstractProtocol.start Starting ProtocolHandler ["ajp-nio-8009"]
24-Mar-2020 16:49:37.837 INFO [main] org.apache.catalina.startup.Catalina.start Server startup in [639] milliseconds
24-Mar-2020 18:15:12.889 INFO [main] org.apache.catalina.core.StandardServer.await A valid shutdown command was received via the shutdown port. Stopping the Server instance.
24-Mar-2020 18:15:12.890 INFO [main] org.apache.coyote.AbstractProtocol.pause Pausing ProtocolHandler ["http-nio-8080"]
24-Mar-2020 18:15:12.899 INFO [main] org.apache.coyote.AbstractProtocol.pause Pausing ProtocolHandler ["ajp-nio-8009"]
24-Mar-2020 18:15:12.900 INFO [main] org.apache.catalina.core.StandardService.stopInternal Stopping service [Catalina]
24-Mar-2020 18:15:12.921 INFO [main] org.apache.coyote.AbstractProtocol.stop Stopping ProtocolHandler ["http-nio-8080"]
24-Mar-2020 18:15:12.924 INFO [main] org.apache.coyote.AbstractProtocol.stop Stopping ProtocolHandler ["ajp-nio-8009"]
24-Mar-2020 18:15:12.926 INFO [main] org.apache.coyote.AbstractProtocol.destroy Destroying ProtocolHandler ["http-nio-8080"]
24-Mar-2020 18:15:12.926 INFO [main] org.apache.coyote.AbstractProtocol.destroy Destroying ProtocolHandler ["ajp-nio-8009"]
24-Mar-2020 18:20:06.448 INFO [main] org.apache.catalina.startup.VersionLoggerListener.log Server version name:   Apache Tomcat/9.0.17
24-Mar-2020 18:20:06.452 INFO [main] org.apache.catalina.startup.VersionLoggerListener.log Server built:          Mar 13 2019 15:55:27 UTC
24-Mar-2020 18:20:06.452 INFO [main] org.apache.catalina.startup.VersionLoggerListener.log Server version number: 9.0.17.0
24-Mar-2020 18:20:06.452 INFO [main] org.apache.catalina.startup.VersionLoggerListener.log OS Name:               Mac OS X
24-Mar-2020 18:20:06.452 INFO [main] org.apache.catalina.startup.VersionLoggerListener.log OS Version:            10.14.6
24-Mar-2020 18:20:06.453 INFO [main] org.apache.catalina.startup.VersionLoggerListener.log Architecture:          x86_64
24-Mar-2020 18:20:06.453 INFO [main] org.apache.catalina.startup.VersionLoggerListener.log Java Home:             /Library/Java/JavaVirtualMachines/jdk-11.0.2.jdk/Contents/Home
24-Mar-2020 18:20:06.453 INFO [main] org.apache.catalina.startup.VersionLoggerListener.log JVM Version:           11.0.2+9-LTS
24-Mar-2020 18:20:06.453 INFO [main] org.apache.catalina.startup.VersionLoggerListener.log JVM Vendor:            Oracle Corporation
24-Mar-2020 18:20:06.453 INFO [main] org.apache.catalina.startup.VersionLoggerListener.log CATALINA_BASE:         /Users/rim/switchdrive/Courses/Bachelor/SDi/Course/KursWWW/Exercises/apache-tomcat-9.0.17
24-Mar-2020 18:20:06.453 INFO [main] org.apache.catalina.startup.VersionLoggerListener.log CATALINA_HOME:         /Users/rim/switchdrive/Courses/Bachelor/SDi/Course/KursWWW/Exercises/apache-tomcat-9.0.17
24-Mar-2020 18:20:06.456 INFO [main] org.apache.catalina.startup.VersionLoggerListener.log Command line argument: --add-opens=java.base/java.lang=ALL-UNNAMED
24-Mar-2020 18:20:06.456 INFO [main] org.apache.catalina.startup.VersionLoggerListener.log Command line argument: --add-opens=java.base/java.io=ALL-UNNAMED
24-Mar-2020 18:20:06.456 INFO [main] org.apache.catalina.startup.VersionLoggerListener.log Command line argument: --add-opens=java.rmi/sun.rmi.transport=ALL-UNNAMED
24-Mar-2020 18:20:06.456 INFO [main] org.apache.catalina.startup.VersionLoggerListener.log Command line argument: -Djava.util.logging.config.file=/Users/rim/switchdrive/Courses/Bachelor/SDi/Course/KursWWW/Exercises/apache-tomcat-9.0.17/conf/logging.properties
24-Mar-2020 18:20:06.456 INFO [main] org.apache.catalina.startup.VersionLoggerListener.log Command line argument: -Djava.util.logging.manager=org.apache.juli.ClassLoaderLogManager
24-Mar-2020 18:20:06.456 INFO [main] org.apache.catalina.startup.VersionLoggerListener.log Command line argument: -Djdk.tls.ephemeralDHKeySize=2048
24-Mar-2020 18:20:06.456 INFO [main] org.apache.catalina.startup.VersionLoggerListener.log Command line argument: -Djava.protocol.handler.pkgs=org.apache.catalina.webresources
24-Mar-2020 18:20:06.457 INFO [main] org.apache.catalina.startup.VersionLoggerListener.log Command line argument: -Dorg.apache.catalina.security.SecurityListener.UMASK=0027
24-Mar-2020 18:20:06.457 INFO [main] org.apache.catalina.startup.VersionLoggerListener.log Command line argument: -Dignore.endorsed.dirs=
24-Mar-2020 18:20:06.457 INFO [main] org.apache.catalina.startup.VersionLoggerListener.log Command line argument: -Dcatalina.base=/Users/rim/switchdrive/Courses/Bachelor/SDi/Course/KursWWW/Exercises/apache-tomcat-9.0.17
24-Mar-2020 18:20:06.457 INFO [main] org.apache.catalina.startup.VersionLoggerListener.log Command line argument: -Dcatalina.home=/Users/rim/switchdrive/Courses/Bachelor/SDi/Course/KursWWW/Exercises/apache-tomcat-9.0.17
24-Mar-2020 18:20:06.457 INFO [main] org.apache.catalina.startup.VersionLoggerListener.log Command line argument: -Djava.io.tmpdir=/Users/rim/switchdrive/Courses/Bachelor/SDi/Course/KursWWW/Exercises/apache-tomcat-9.0.17/temp
24-Mar-2020 18:20:06.457 INFO [main] org.apache.catalina.core.AprLifecycleListener.lifecycleEvent The APR based Apache Tomcat Native library which allows optimal performance in production environments was not found on the java.library.path: [/Users/rim/Library/Java/Extensions:/Library/Java/Extensions:/Network/Library/Java/Extensions:/System/Library/Java/Extensions:/usr/lib/java:.]
24-Mar-2020 18:20:06.498 INFO [main] org.apache.coyote.AbstractProtocol.init Initializing ProtocolHandler ["http-nio-8080"]
24-Mar-2020 18:20:06.527 INFO [main] org.apache.coyote.AbstractProtocol.init Initializing ProtocolHandler ["ajp-nio-8009"]
24-Mar-2020 18:20:06.528 INFO [main] org.apache.catalina.startup.Catalina.load Server initialization in [448] milliseconds
24-Mar-2020 18:20:06.571 INFO [main] org.apache.catalina.core.StandardService.startInternal Starting service [Catalina]
24-Mar-2020 18:20:06.571 INFO [main] org.apache.catalina.core.StandardEngine.startInternal Starting Servlet engine: [Apache Tomcat/9.0.17]
24-Mar-2020 18:20:06.576 INFO [main] org.apache.catalina.startup.HostConfig.deployDirectory Deploying web application directory [/Users/rim/switchdrive/Courses/Bachelor/SDi/Course/KursWWW/Exercises/apache-tomcat-9.0.17/webapps/miniCalc]
24-Mar-2020 18:20:06.850 INFO [main] org.apache.catalina.startup.HostConfig.deployDirectory Deployment of web application directory [/Users/rim/switchdrive/Courses/Bachelor/SDi/Course/KursWWW/Exercises/apache-tomcat-9.0.17/webapps/miniCalc] has finished in [274] ms
24-Mar-2020 18:20:06.851 INFO [main] org.apache.catalina.startup.HostConfig.deployDirectory Deploying web application directory [/Users/rim/switchdrive/Courses/Bachelor/SDi/Course/KursWWW/Exercises/apache-tomcat-9.0.17/webapps/docs]
24-Mar-2020 18:20:06.866 INFO [main] org.apache.catalina.startup.HostConfig.deployDirectory Deployment of web application directory [/Users/rim/switchdrive/Courses/Bachelor/SDi/Course/KursWWW/Exercises/apache-tomcat-9.0.17/webapps/docs] has finished in [15] ms
24-Mar-2020 18:20:06.866 INFO [main] org.apache.catalina.startup.HostConfig.deployDirectory Deploying web application directory [/Users/rim/switchdrive/Courses/Bachelor/SDi/Course/KursWWW/Exercises/apache-tomcat-9.0.17/webapps/manager]
24-Mar-2020 18:20:06.894 INFO [main] org.apache.catalina.startup.HostConfig.deployDirectory Deployment of web application directory [/Users/rim/switchdrive/Courses/Bachelor/SDi/Course/KursWWW/Exercises/apache-tomcat-9.0.17/webapps/manager] has finished in [27] ms
24-Mar-2020 18:20:06.894 INFO [main] org.apache.catalina.startup.HostConfig.deployDirectory Deploying web application directory [/Users/rim/switchdrive/Courses/Bachelor/SDi/Course/KursWWW/Exercises/apache-tomcat-9.0.17/webapps/examples]
24-Mar-2020 18:20:07.099 INFO [main] org.apache.catalina.startup.HostConfig.deployDirectory Deployment of web application directory [/Users/rim/switchdrive/Courses/Bachelor/SDi/Course/KursWWW/Exercises/apache-tomcat-9.0.17/webapps/examples] has finished in [205] ms
24-Mar-2020 18:20:07.100 INFO [main] org.apache.catalina.startup.HostConfig.deployDirectory Deploying web application directory [/Users/rim/switchdrive/Courses/Bachelor/SDi/Course/KursWWW/Exercises/apache-tomcat-9.0.17/webapps/ROOT]
24-Mar-2020 18:20:07.114 INFO [main] org.apache.catalina.startup.HostConfig.deployDirectory Deployment of web application directory [/Users/rim/switchdrive/Courses/Bachelor/SDi/Course/KursWWW/Exercises/apache-tomcat-9.0.17/webapps/ROOT] has finished in [14] ms
24-Mar-2020 18:20:07.114 INFO [main] org.apache.catalina.startup.HostConfig.deployDirectory Deploying web application directory [/Users/rim/switchdrive/Courses/Bachelor/SDi/Course/KursWWW/Exercises/apache-tomcat-9.0.17/webapps/host-manager]
24-Mar-2020 18:20:07.135 INFO [main] org.apache.catalina.startup.HostConfig.deployDirectory Deployment of web application directory [/Users/rim/switchdrive/Courses/Bachelor/SDi/Course/KursWWW/Exercises/apache-tomcat-9.0.17/webapps/host-manager] has finished in [21] ms
24-Mar-2020 18:20:07.140 INFO [main] org.apache.coyote.AbstractProtocol.start Starting ProtocolHandler ["http-nio-8080"]
24-Mar-2020 18:20:07.146 INFO [main] org.apache.coyote.AbstractProtocol.start Starting ProtocolHandler ["ajp-nio-8009"]
24-Mar-2020 18:20:07.150 INFO [main] org.apache.catalina.startup.Catalina.start Server startup in [621] milliseconds
