31-Mar-2020 15:03:00.444 INFOS [main] org.apache.catalina.startup.VersionLoggerListener.log Version du serveur:        Apache Tomcat/9.0.17
31-Mar-2020 15:03:00.489 INFOS [main] org.apache.catalina.startup.VersionLoggerListener.log Serveur compilé:       Mar 13 2019 15:55:27 UTC
31-Mar-2020 15:03:00.493 INFOS [main] org.apache.catalina.startup.VersionLoggerListener.log Version du serveur:      9.0.17.0
31-Mar-2020 15:03:00.493 INFOS [main] org.apache.catalina.startup.VersionLoggerListener.log Nom de l'OS:           Windows 10
31-Mar-2020 15:03:00.494 INFOS [main] org.apache.catalina.startup.VersionLoggerListener.log Version de l'OS:        10.0
31-Mar-2020 15:03:00.494 INFOS [main] org.apache.catalina.startup.VersionLoggerListener.log Architecture:          amd64
31-Mar-2020 15:03:00.494 INFOS [main] org.apache.catalina.startup.VersionLoggerListener.log Répertoire de Java:     C:\Program Files\Java\jdk1.8.0_151\jre
31-Mar-2020 15:03:00.494 INFOS [main] org.apache.catalina.startup.VersionLoggerListener.log Version de la JVM:           1.8.0_151-b12
31-Mar-2020 15:03:00.494 INFOS [main] org.apache.catalina.startup.VersionLoggerListener.log Fournisseur de la JVM:            Oracle Corporation
31-Mar-2020 15:03:00.494 INFOS [main] org.apache.catalina.startup.VersionLoggerListener.log CATALINA_BASE:         C:\Users\meyer\Saved\Hes\SDi\apache-tomcat-9.0.17
31-Mar-2020 15:03:00.494 INFOS [main] org.apache.catalina.startup.VersionLoggerListener.log CATALINA_HOME:         C:\Users\meyer\Saved\Hes\SDi\apache-tomcat-9.0.17
31-Mar-2020 15:03:00.495 INFOS [main] org.apache.catalina.startup.VersionLoggerListener.log Argument de la ligne de commande: -Djava.util.logging.config.file=C:\Users\meyer\Saved\Hes\SDi\apache-tomcat-9.0.17\conf\logging.properties
31-Mar-2020 15:03:00.495 INFOS [main] org.apache.catalina.startup.VersionLoggerListener.log Argument de la ligne de commande: -Djava.util.logging.manager=org.apache.juli.ClassLoaderLogManager
31-Mar-2020 15:03:00.495 INFOS [main] org.apache.catalina.startup.VersionLoggerListener.log Argument de la ligne de commande: -Djdk.tls.ephemeralDHKeySize=2048
31-Mar-2020 15:03:00.495 INFOS [main] org.apache.catalina.startup.VersionLoggerListener.log Argument de la ligne de commande: -Djava.protocol.handler.pkgs=org.apache.catalina.webresources
31-Mar-2020 15:03:00.496 INFOS [main] org.apache.catalina.startup.VersionLoggerListener.log Argument de la ligne de commande: -Dignore.endorsed.dirs=
31-Mar-2020 15:03:00.496 INFOS [main] org.apache.catalina.startup.VersionLoggerListener.log Argument de la ligne de commande: -Dcatalina.base=C:\Users\meyer\Saved\Hes\SDi\apache-tomcat-9.0.17
31-Mar-2020 15:03:00.498 INFOS [main] org.apache.catalina.startup.VersionLoggerListener.log Argument de la ligne de commande: -Dcatalina.home=C:\Users\meyer\Saved\Hes\SDi\apache-tomcat-9.0.17
31-Mar-2020 15:03:00.500 INFOS [main] org.apache.catalina.startup.VersionLoggerListener.log Argument de la ligne de commande: -Djava.io.tmpdir=C:\Users\meyer\Saved\Hes\SDi\apache-tomcat-9.0.17\temp
31-Mar-2020 15:03:00.509 INFOS [main] org.apache.catalina.core.AprLifecycleListener.lifecycleEvent Chargement de la librairie Apache Tomcat Native [1.2.21] en utilisant APR version [1.6.5]
31-Mar-2020 15:03:00.510 INFOS [main] org.apache.catalina.core.AprLifecycleListener.lifecycleEvent Fonctionnalités d'APR: IPv6 [true], sendfile [true], accept filters [false], random [true]
31-Mar-2020 15:03:00.510 INFOS [main] org.apache.catalina.core.AprLifecycleListener.lifecycleEvent Configuration de APR/OpenSSL: useAprConnector [false], useOpenSSL [true]
31-Mar-2020 15:03:00.544 INFOS [main] org.apache.catalina.core.AprLifecycleListener.initializeSSL OpenSSL a été initialisé avec succès [OpenSSL 1.1.1a  20 Nov 2018]
31-Mar-2020 15:03:01.383 INFOS [main] org.apache.coyote.AbstractProtocol.init Initialisation du gestionnaire de protocole ["http-nio-8080"]
31-Mar-2020 15:03:01.771 INFOS [main] org.apache.coyote.AbstractProtocol.init Initialisation du gestionnaire de protocole ["ajp-nio-8009"]
31-Mar-2020 15:03:01.807 INFOS [main] org.apache.catalina.startup.Catalina.load L'initialisation du serveur a pris [2 321] millisecondes
31-Mar-2020 15:03:01.881 INFOS [main] org.apache.catalina.core.StandardService.startInternal Démarrage du service [Catalina]
31-Mar-2020 15:03:01.882 INFOS [main] org.apache.catalina.core.StandardEngine.startInternal Démarrage du moteur de Servlets: [Apache Tomcat/9.0.17]
31-Mar-2020 15:03:01.894 INFOS [main] org.apache.catalina.startup.HostConfig.deployDirectory Déploiement du répertoire d'application web [C:\Users\meyer\Saved\Hes\SDi\apache-tomcat-9.0.17\webapps\docs]
31-Mar-2020 15:03:02.447 INFOS [main] org.apache.catalina.startup.HostConfig.deployDirectory Le déploiement du répertoire [C:\Users\meyer\Saved\Hes\SDi\apache-tomcat-9.0.17\webapps\docs] de l'application web s'est terminé en [552] ms
31-Mar-2020 15:03:02.449 INFOS [main] org.apache.catalina.startup.HostConfig.deployDirectory Déploiement du répertoire d'application web [C:\Users\meyer\Saved\Hes\SDi\apache-tomcat-9.0.17\webapps\examples]
31-Mar-2020 15:03:03.370 INFOS [main] org.apache.catalina.startup.HostConfig.deployDirectory Le déploiement du répertoire [C:\Users\meyer\Saved\Hes\SDi\apache-tomcat-9.0.17\webapps\examples] de l'application web s'est terminé en [921] ms
31-Mar-2020 15:03:03.370 INFOS [main] org.apache.catalina.startup.HostConfig.deployDirectory Déploiement du répertoire d'application web [C:\Users\meyer\Saved\Hes\SDi\apache-tomcat-9.0.17\webapps\host-manager]
31-Mar-2020 15:03:03.448 INFOS [main] org.apache.catalina.startup.HostConfig.deployDirectory Le déploiement du répertoire [C:\Users\meyer\Saved\Hes\SDi\apache-tomcat-9.0.17\webapps\host-manager] de l'application web s'est terminé en [77] ms
31-Mar-2020 15:03:03.448 INFOS [main] org.apache.catalina.startup.HostConfig.deployDirectory Déploiement du répertoire d'application web [C:\Users\meyer\Saved\Hes\SDi\apache-tomcat-9.0.17\webapps\manager]
31-Mar-2020 15:03:03.510 INFOS [main] org.apache.catalina.startup.HostConfig.deployDirectory Le déploiement du répertoire [C:\Users\meyer\Saved\Hes\SDi\apache-tomcat-9.0.17\webapps\manager] de l'application web s'est terminé en [62] ms
31-Mar-2020 15:03:03.511 INFOS [main] org.apache.catalina.startup.HostConfig.deployDirectory Déploiement du répertoire d'application web [C:\Users\meyer\Saved\Hes\SDi\apache-tomcat-9.0.17\webapps\miniCalc]
31-Mar-2020 15:03:03.595 INFOS [main] org.apache.catalina.startup.HostConfig.deployDirectory Le déploiement du répertoire [C:\Users\meyer\Saved\Hes\SDi\apache-tomcat-9.0.17\webapps\miniCalc] de l'application web s'est terminé en [84] ms
31-Mar-2020 15:03:03.595 INFOS [main] org.apache.catalina.startup.HostConfig.deployDirectory Déploiement du répertoire d'application web [C:\Users\meyer\Saved\Hes\SDi\apache-tomcat-9.0.17\webapps\phonebook]
31-Mar-2020 15:03:03.645 INFOS [main] org.apache.catalina.startup.HostConfig.deployDirectory Le déploiement du répertoire [C:\Users\meyer\Saved\Hes\SDi\apache-tomcat-9.0.17\webapps\phonebook] de l'application web s'est terminé en [50] ms
31-Mar-2020 15:03:03.648 INFOS [main] org.apache.catalina.startup.HostConfig.deployDirectory Déploiement du répertoire d'application web [C:\Users\meyer\Saved\Hes\SDi\apache-tomcat-9.0.17\webapps\ROOT]
31-Mar-2020 15:03:03.676 INFOS [main] org.apache.catalina.startup.HostConfig.deployDirectory Le déploiement du répertoire [C:\Users\meyer\Saved\Hes\SDi\apache-tomcat-9.0.17\webapps\ROOT] de l'application web s'est terminé en [27] ms
31-Mar-2020 15:03:03.683 INFOS [main] org.apache.coyote.AbstractProtocol.start Démarrage du gestionnaire de protocole ["http-nio-8080"]
31-Mar-2020 15:03:03.694 INFOS [main] org.apache.coyote.AbstractProtocol.start Démarrage du gestionnaire de protocole ["ajp-nio-8009"]
31-Mar-2020 15:03:03.700 INFOS [main] org.apache.catalina.startup.Catalina.start Le démarrage du serveur a pris [1 892] millisecondes
31-Mar-2020 15:15:22.393 GRAVE [main] org.apache.catalina.startup.Catalina.stopServer Impossible de se connecter à [localhost:8005] (port de base [8005] et offset [0]), Tomcat peut ne pas être en cours dexécution
31-Mar-2020 15:15:22.395 GRAVE [main] org.apache.catalina.startup.Catalina.stopServer Erreur lors de l'arrêt de Catalina
 java.net.ConnectException: Connection refused: connect
	at java.net.DualStackPlainSocketImpl.connect0(Native Method)
	at java.net.DualStackPlainSocketImpl.socketConnect(DualStackPlainSocketImpl.java:79)
	at java.net.AbstractPlainSocketImpl.doConnect(AbstractPlainSocketImpl.java:350)
	at java.net.AbstractPlainSocketImpl.connectToAddress(AbstractPlainSocketImpl.java:206)
	at java.net.AbstractPlainSocketImpl.connect(AbstractPlainSocketImpl.java:188)
	at java.net.PlainSocketImpl.connect(PlainSocketImpl.java:172)
	at java.net.SocksSocketImpl.connect(SocksSocketImpl.java:392)
	at java.net.Socket.connect(Socket.java:589)
	at java.net.Socket.connect(Socket.java:538)
	at java.net.Socket.<init>(Socket.java:434)
	at java.net.Socket.<init>(Socket.java:211)
	at org.apache.catalina.startup.Catalina.stopServer(Catalina.java:514)
	at sun.reflect.NativeMethodAccessorImpl.invoke0(Native Method)
	at sun.reflect.NativeMethodAccessorImpl.invoke(NativeMethodAccessorImpl.java:62)
	at sun.reflect.DelegatingMethodAccessorImpl.invoke(DelegatingMethodAccessorImpl.java:43)
	at java.lang.reflect.Method.invoke(Method.java:498)
	at org.apache.catalina.startup.Bootstrap.stopServer(Bootstrap.java:403)
	at org.apache.catalina.startup.Bootstrap.main(Bootstrap.java:497)

31-Mar-2020 15:15:27.589 INFOS [main] org.apache.catalina.startup.VersionLoggerListener.log Version du serveur:        Apache Tomcat/9.0.17
31-Mar-2020 15:15:27.594 INFOS [main] org.apache.catalina.startup.VersionLoggerListener.log Serveur compilé:       Mar 13 2019 15:55:27 UTC
31-Mar-2020 15:15:27.595 INFOS [main] org.apache.catalina.startup.VersionLoggerListener.log Version du serveur:      9.0.17.0
31-Mar-2020 15:15:27.598 INFOS [main] org.apache.catalina.startup.VersionLoggerListener.log Nom de l'OS:           Windows 10
31-Mar-2020 15:15:27.598 INFOS [main] org.apache.catalina.startup.VersionLoggerListener.log Version de l'OS:        10.0
31-Mar-2020 15:15:27.599 INFOS [main] org.apache.catalina.startup.VersionLoggerListener.log Architecture:          amd64
31-Mar-2020 15:15:27.599 INFOS [main] org.apache.catalina.startup.VersionLoggerListener.log Répertoire de Java:     C:\Program Files\Java\jdk1.8.0_151\jre
31-Mar-2020 15:15:27.599 INFOS [main] org.apache.catalina.startup.VersionLoggerListener.log Version de la JVM:           1.8.0_151-b12
31-Mar-2020 15:15:27.600 INFOS [main] org.apache.catalina.startup.VersionLoggerListener.log Fournisseur de la JVM:            Oracle Corporation
31-Mar-2020 15:15:27.600 INFOS [main] org.apache.catalina.startup.VersionLoggerListener.log CATALINA_BASE:         C:\Users\meyer\Saved\Hes\SDi\apache-tomcat-9.0.17
31-Mar-2020 15:15:27.601 INFOS [main] org.apache.catalina.startup.VersionLoggerListener.log CATALINA_HOME:         C:\Users\meyer\Saved\Hes\SDi\apache-tomcat-9.0.17
31-Mar-2020 15:15:27.601 INFOS [main] org.apache.catalina.startup.VersionLoggerListener.log Argument de la ligne de commande: -Djava.util.logging.config.file=C:\Users\meyer\Saved\Hes\SDi\apache-tomcat-9.0.17\conf\logging.properties
31-Mar-2020 15:15:27.601 INFOS [main] org.apache.catalina.startup.VersionLoggerListener.log Argument de la ligne de commande: -Djava.util.logging.manager=org.apache.juli.ClassLoaderLogManager
31-Mar-2020 15:15:27.601 INFOS [main] org.apache.catalina.startup.VersionLoggerListener.log Argument de la ligne de commande: -Djdk.tls.ephemeralDHKeySize=2048
31-Mar-2020 15:15:27.602 INFOS [main] org.apache.catalina.startup.VersionLoggerListener.log Argument de la ligne de commande: -Djava.protocol.handler.pkgs=org.apache.catalina.webresources
31-Mar-2020 15:15:27.602 INFOS [main] org.apache.catalina.startup.VersionLoggerListener.log Argument de la ligne de commande: -Dignore.endorsed.dirs=
31-Mar-2020 15:15:27.605 INFOS [main] org.apache.catalina.startup.VersionLoggerListener.log Argument de la ligne de commande: -Dcatalina.base=C:\Users\meyer\Saved\Hes\SDi\apache-tomcat-9.0.17
31-Mar-2020 15:15:27.606 INFOS [main] org.apache.catalina.startup.VersionLoggerListener.log Argument de la ligne de commande: -Dcatalina.home=C:\Users\meyer\Saved\Hes\SDi\apache-tomcat-9.0.17
31-Mar-2020 15:15:27.607 INFOS [main] org.apache.catalina.startup.VersionLoggerListener.log Argument de la ligne de commande: -Djava.io.tmpdir=C:\Users\meyer\Saved\Hes\SDi\apache-tomcat-9.0.17\temp
31-Mar-2020 15:15:27.608 INFOS [main] org.apache.catalina.core.AprLifecycleListener.lifecycleEvent Chargement de la librairie Apache Tomcat Native [1.2.21] en utilisant APR version [1.6.5]
31-Mar-2020 15:15:27.609 INFOS [main] org.apache.catalina.core.AprLifecycleListener.lifecycleEvent Fonctionnalités d'APR: IPv6 [true], sendfile [true], accept filters [false], random [true]
31-Mar-2020 15:15:27.611 INFOS [main] org.apache.catalina.core.AprLifecycleListener.lifecycleEvent Configuration de APR/OpenSSL: useAprConnector [false], useOpenSSL [true]
31-Mar-2020 15:15:27.623 INFOS [main] org.apache.catalina.core.AprLifecycleListener.initializeSSL OpenSSL a été initialisé avec succès [OpenSSL 1.1.1a  20 Nov 2018]
31-Mar-2020 15:15:27.782 INFOS [main] org.apache.coyote.AbstractProtocol.init Initialisation du gestionnaire de protocole ["http-nio-8080"]
31-Mar-2020 15:15:28.089 INFOS [main] org.apache.coyote.AbstractProtocol.init Initialisation du gestionnaire de protocole ["ajp-nio-8009"]
31-Mar-2020 15:15:28.096 INFOS [main] org.apache.catalina.startup.Catalina.load L'initialisation du serveur a pris [983] millisecondes
31-Mar-2020 15:15:28.161 INFOS [main] org.apache.catalina.core.StandardService.startInternal Démarrage du service [Catalina]
31-Mar-2020 15:15:28.161 INFOS [main] org.apache.catalina.core.StandardEngine.startInternal Démarrage du moteur de Servlets: [Apache Tomcat/9.0.17]
31-Mar-2020 15:15:28.177 INFOS [main] org.apache.catalina.startup.HostConfig.deployDirectory Déploiement du répertoire d'application web [C:\Users\meyer\Saved\Hes\SDi\apache-tomcat-9.0.17\webapps\docs]
31-Mar-2020 15:15:28.639 INFOS [main] org.apache.catalina.startup.HostConfig.deployDirectory Le déploiement du répertoire [C:\Users\meyer\Saved\Hes\SDi\apache-tomcat-9.0.17\webapps\docs] de l'application web s'est terminé en [462] ms
31-Mar-2020 15:15:28.640 INFOS [main] org.apache.catalina.startup.HostConfig.deployDirectory Déploiement du répertoire d'application web [C:\Users\meyer\Saved\Hes\SDi\apache-tomcat-9.0.17\webapps\examples]
31-Mar-2020 15:15:29.217 INFOS [main] org.apache.catalina.startup.HostConfig.deployDirectory Le déploiement du répertoire [C:\Users\meyer\Saved\Hes\SDi\apache-tomcat-9.0.17\webapps\examples] de l'application web s'est terminé en [577] ms
31-Mar-2020 15:15:29.218 INFOS [main] org.apache.catalina.startup.HostConfig.deployDirectory Déploiement du répertoire d'application web [C:\Users\meyer\Saved\Hes\SDi\apache-tomcat-9.0.17\webapps\host-manager]
31-Mar-2020 15:15:29.284 INFOS [main] org.apache.catalina.startup.HostConfig.deployDirectory Le déploiement du répertoire [C:\Users\meyer\Saved\Hes\SDi\apache-tomcat-9.0.17\webapps\host-manager] de l'application web s'est terminé en [67] ms
31-Mar-2020 15:15:29.285 INFOS [main] org.apache.catalina.startup.HostConfig.deployDirectory Déploiement du répertoire d'application web [C:\Users\meyer\Saved\Hes\SDi\apache-tomcat-9.0.17\webapps\manager]
31-Mar-2020 15:15:29.326 INFOS [main] org.apache.catalina.startup.HostConfig.deployDirectory Le déploiement du répertoire [C:\Users\meyer\Saved\Hes\SDi\apache-tomcat-9.0.17\webapps\manager] de l'application web s'est terminé en [42] ms
31-Mar-2020 15:15:29.328 INFOS [main] org.apache.catalina.startup.HostConfig.deployDirectory Déploiement du répertoire d'application web [C:\Users\meyer\Saved\Hes\SDi\apache-tomcat-9.0.17\webapps\miniCalc]
31-Mar-2020 15:15:29.388 INFOS [main] org.apache.catalina.startup.HostConfig.deployDirectory Le déploiement du répertoire [C:\Users\meyer\Saved\Hes\SDi\apache-tomcat-9.0.17\webapps\miniCalc] de l'application web s'est terminé en [61] ms
31-Mar-2020 15:15:29.389 INFOS [main] org.apache.catalina.startup.HostConfig.deployDirectory Déploiement du répertoire d'application web [C:\Users\meyer\Saved\Hes\SDi\apache-tomcat-9.0.17\webapps\phonebook]
31-Mar-2020 15:15:29.433 INFOS [main] org.apache.catalina.startup.HostConfig.deployDirectory Le déploiement du répertoire [C:\Users\meyer\Saved\Hes\SDi\apache-tomcat-9.0.17\webapps\phonebook] de l'application web s'est terminé en [44] ms
31-Mar-2020 15:15:29.436 INFOS [main] org.apache.catalina.startup.HostConfig.deployDirectory Déploiement du répertoire d'application web [C:\Users\meyer\Saved\Hes\SDi\apache-tomcat-9.0.17\webapps\ROOT]
31-Mar-2020 15:15:29.460 INFOS [main] org.apache.catalina.startup.HostConfig.deployDirectory Le déploiement du répertoire [C:\Users\meyer\Saved\Hes\SDi\apache-tomcat-9.0.17\webapps\ROOT] de l'application web s'est terminé en [24] ms
31-Mar-2020 15:15:29.473 INFOS [main] org.apache.coyote.AbstractProtocol.start Démarrage du gestionnaire de protocole ["http-nio-8080"]
31-Mar-2020 15:15:29.497 INFOS [main] org.apache.coyote.AbstractProtocol.start Démarrage du gestionnaire de protocole ["ajp-nio-8009"]
31-Mar-2020 15:15:29.502 INFOS [main] org.apache.catalina.startup.Catalina.start Le démarrage du serveur a pris [1 404] millisecondes
31-Mar-2020 15:16:17.697 GRAVE [main] org.apache.catalina.startup.Catalina.stopServer Impossible de se connecter à [localhost:8005] (port de base [8005] et offset [0]), Tomcat peut ne pas être en cours dexécution
31-Mar-2020 15:16:17.702 GRAVE [main] org.apache.catalina.startup.Catalina.stopServer Erreur lors de l'arrêt de Catalina
 java.net.ConnectException: Connection refused: connect
	at java.net.DualStackPlainSocketImpl.connect0(Native Method)
	at java.net.DualStackPlainSocketImpl.socketConnect(DualStackPlainSocketImpl.java:79)
	at java.net.AbstractPlainSocketImpl.doConnect(AbstractPlainSocketImpl.java:350)
	at java.net.AbstractPlainSocketImpl.connectToAddress(AbstractPlainSocketImpl.java:206)
	at java.net.AbstractPlainSocketImpl.connect(AbstractPlainSocketImpl.java:188)
	at java.net.PlainSocketImpl.connect(PlainSocketImpl.java:172)
	at java.net.SocksSocketImpl.connect(SocksSocketImpl.java:392)
	at java.net.Socket.connect(Socket.java:589)
	at java.net.Socket.connect(Socket.java:538)
	at java.net.Socket.<init>(Socket.java:434)
	at java.net.Socket.<init>(Socket.java:211)
	at org.apache.catalina.startup.Catalina.stopServer(Catalina.java:514)
	at sun.reflect.NativeMethodAccessorImpl.invoke0(Native Method)
	at sun.reflect.NativeMethodAccessorImpl.invoke(NativeMethodAccessorImpl.java:62)
	at sun.reflect.DelegatingMethodAccessorImpl.invoke(DelegatingMethodAccessorImpl.java:43)
	at java.lang.reflect.Method.invoke(Method.java:498)
	at org.apache.catalina.startup.Bootstrap.stopServer(Bootstrap.java:403)
	at org.apache.catalina.startup.Bootstrap.main(Bootstrap.java:497)

31-Mar-2020 15:16:21.711 INFOS [main] org.apache.catalina.startup.VersionLoggerListener.log Version du serveur:        Apache Tomcat/9.0.17
31-Mar-2020 15:16:21.718 INFOS [main] org.apache.catalina.startup.VersionLoggerListener.log Serveur compilé:       Mar 13 2019 15:55:27 UTC
31-Mar-2020 15:16:21.719 INFOS [main] org.apache.catalina.startup.VersionLoggerListener.log Version du serveur:      9.0.17.0
31-Mar-2020 15:16:21.719 INFOS [main] org.apache.catalina.startup.VersionLoggerListener.log Nom de l'OS:           Windows 10
31-Mar-2020 15:16:21.720 INFOS [main] org.apache.catalina.startup.VersionLoggerListener.log Version de l'OS:        10.0
31-Mar-2020 15:16:21.720 INFOS [main] org.apache.catalina.startup.VersionLoggerListener.log Architecture:          amd64
31-Mar-2020 15:16:21.721 INFOS [main] org.apache.catalina.startup.VersionLoggerListener.log Répertoire de Java:     C:\Program Files\Java\jdk1.8.0_151\jre
31-Mar-2020 15:16:21.721 INFOS [main] org.apache.catalina.startup.VersionLoggerListener.log Version de la JVM:           1.8.0_151-b12
31-Mar-2020 15:16:21.721 INFOS [main] org.apache.catalina.startup.VersionLoggerListener.log Fournisseur de la JVM:            Oracle Corporation
31-Mar-2020 15:16:21.722 INFOS [main] org.apache.catalina.startup.VersionLoggerListener.log CATALINA_BASE:         C:\Users\meyer\Saved\Hes\SDi\apache-tomcat-9.0.17
31-Mar-2020 15:16:21.723 INFOS [main] org.apache.catalina.startup.VersionLoggerListener.log CATALINA_HOME:         C:\Users\meyer\Saved\Hes\SDi\apache-tomcat-9.0.17
31-Mar-2020 15:16:21.723 INFOS [main] org.apache.catalina.startup.VersionLoggerListener.log Argument de la ligne de commande: -Djava.util.logging.config.file=C:\Users\meyer\Saved\Hes\SDi\apache-tomcat-9.0.17\conf\logging.properties
31-Mar-2020 15:16:21.724 INFOS [main] org.apache.catalina.startup.VersionLoggerListener.log Argument de la ligne de commande: -Djava.util.logging.manager=org.apache.juli.ClassLoaderLogManager
31-Mar-2020 15:16:21.724 INFOS [main] org.apache.catalina.startup.VersionLoggerListener.log Argument de la ligne de commande: -Djdk.tls.ephemeralDHKeySize=2048
31-Mar-2020 15:16:21.724 INFOS [main] org.apache.catalina.startup.VersionLoggerListener.log Argument de la ligne de commande: -Djava.protocol.handler.pkgs=org.apache.catalina.webresources
31-Mar-2020 15:16:21.724 INFOS [main] org.apache.catalina.startup.VersionLoggerListener.log Argument de la ligne de commande: -Dignore.endorsed.dirs=
31-Mar-2020 15:16:21.725 INFOS [main] org.apache.catalina.startup.VersionLoggerListener.log Argument de la ligne de commande: -Dcatalina.base=C:\Users\meyer\Saved\Hes\SDi\apache-tomcat-9.0.17
31-Mar-2020 15:16:21.726 INFOS [main] org.apache.catalina.startup.VersionLoggerListener.log Argument de la ligne de commande: -Dcatalina.home=C:\Users\meyer\Saved\Hes\SDi\apache-tomcat-9.0.17
31-Mar-2020 15:16:21.727 INFOS [main] org.apache.catalina.startup.VersionLoggerListener.log Argument de la ligne de commande: -Djava.io.tmpdir=C:\Users\meyer\Saved\Hes\SDi\apache-tomcat-9.0.17\temp
31-Mar-2020 15:16:21.736 INFOS [main] org.apache.catalina.core.AprLifecycleListener.lifecycleEvent Chargement de la librairie Apache Tomcat Native [1.2.21] en utilisant APR version [1.6.5]
31-Mar-2020 15:16:21.737 INFOS [main] org.apache.catalina.core.AprLifecycleListener.lifecycleEvent Fonctionnalités d'APR: IPv6 [true], sendfile [true], accept filters [false], random [true]
31-Mar-2020 15:16:21.737 INFOS [main] org.apache.catalina.core.AprLifecycleListener.lifecycleEvent Configuration de APR/OpenSSL: useAprConnector [false], useOpenSSL [true]
31-Mar-2020 15:16:21.751 INFOS [main] org.apache.catalina.core.AprLifecycleListener.initializeSSL OpenSSL a été initialisé avec succès [OpenSSL 1.1.1a  20 Nov 2018]
31-Mar-2020 15:16:21.931 INFOS [main] org.apache.coyote.AbstractProtocol.init Initialisation du gestionnaire de protocole ["http-nio-8080"]
31-Mar-2020 15:16:22.217 INFOS [main] org.apache.coyote.AbstractProtocol.init Initialisation du gestionnaire de protocole ["ajp-nio-8009"]
31-Mar-2020 15:16:22.227 INFOS [main] org.apache.catalina.startup.Catalina.load L'initialisation du serveur a pris [1 035] millisecondes
31-Mar-2020 15:16:22.285 INFOS [main] org.apache.catalina.core.StandardService.startInternal Démarrage du service [Catalina]
31-Mar-2020 15:16:22.285 INFOS [main] org.apache.catalina.core.StandardEngine.startInternal Démarrage du moteur de Servlets: [Apache Tomcat/9.0.17]
31-Mar-2020 15:16:22.295 INFOS [main] org.apache.catalina.startup.HostConfig.deployDirectory Déploiement du répertoire d'application web [C:\Users\meyer\Saved\Hes\SDi\apache-tomcat-9.0.17\webapps\docs]
31-Mar-2020 15:16:22.657 INFOS [main] org.apache.catalina.startup.HostConfig.deployDirectory Le déploiement du répertoire [C:\Users\meyer\Saved\Hes\SDi\apache-tomcat-9.0.17\webapps\docs] de l'application web s'est terminé en [363] ms
31-Mar-2020 15:16:22.658 INFOS [main] org.apache.catalina.startup.HostConfig.deployDirectory Déploiement du répertoire d'application web [C:\Users\meyer\Saved\Hes\SDi\apache-tomcat-9.0.17\webapps\examples]
31-Mar-2020 15:16:23.187 INFOS [main] org.apache.catalina.startup.HostConfig.deployDirectory Le déploiement du répertoire [C:\Users\meyer\Saved\Hes\SDi\apache-tomcat-9.0.17\webapps\examples] de l'application web s'est terminé en [529] ms
31-Mar-2020 15:16:23.188 INFOS [main] org.apache.catalina.startup.HostConfig.deployDirectory Déploiement du répertoire d'application web [C:\Users\meyer\Saved\Hes\SDi\apache-tomcat-9.0.17\webapps\host-manager]
31-Mar-2020 15:16:23.238 INFOS [main] org.apache.catalina.startup.HostConfig.deployDirectory Le déploiement du répertoire [C:\Users\meyer\Saved\Hes\SDi\apache-tomcat-9.0.17\webapps\host-manager] de l'application web s'est terminé en [50] ms
31-Mar-2020 15:16:23.239 INFOS [main] org.apache.catalina.startup.HostConfig.deployDirectory Déploiement du répertoire d'application web [C:\Users\meyer\Saved\Hes\SDi\apache-tomcat-9.0.17\webapps\manager]
31-Mar-2020 15:16:23.289 INFOS [main] org.apache.catalina.startup.HostConfig.deployDirectory Le déploiement du répertoire [C:\Users\meyer\Saved\Hes\SDi\apache-tomcat-9.0.17\webapps\manager] de l'application web s'est terminé en [50] ms
31-Mar-2020 15:16:23.290 INFOS [main] org.apache.catalina.startup.HostConfig.deployDirectory Déploiement du répertoire d'application web [C:\Users\meyer\Saved\Hes\SDi\apache-tomcat-9.0.17\webapps\miniCalc]
31-Mar-2020 15:16:23.348 INFOS [main] org.apache.catalina.startup.HostConfig.deployDirectory Le déploiement du répertoire [C:\Users\meyer\Saved\Hes\SDi\apache-tomcat-9.0.17\webapps\miniCalc] de l'application web s'est terminé en [59] ms
31-Mar-2020 15:16:23.349 INFOS [main] org.apache.catalina.startup.HostConfig.deployDirectory Déploiement du répertoire d'application web [C:\Users\meyer\Saved\Hes\SDi\apache-tomcat-9.0.17\webapps\phonebook]
31-Mar-2020 15:16:23.418 INFOS [main] org.apache.catalina.startup.HostConfig.deployDirectory Le déploiement du répertoire [C:\Users\meyer\Saved\Hes\SDi\apache-tomcat-9.0.17\webapps\phonebook] de l'application web s'est terminé en [69] ms
31-Mar-2020 15:16:23.420 INFOS [main] org.apache.catalina.startup.HostConfig.deployDirectory Déploiement du répertoire d'application web [C:\Users\meyer\Saved\Hes\SDi\apache-tomcat-9.0.17\webapps\ROOT]
31-Mar-2020 15:16:23.463 INFOS [main] org.apache.catalina.startup.HostConfig.deployDirectory Le déploiement du répertoire [C:\Users\meyer\Saved\Hes\SDi\apache-tomcat-9.0.17\webapps\ROOT] de l'application web s'est terminé en [42] ms
31-Mar-2020 15:16:23.472 INFOS [main] org.apache.coyote.AbstractProtocol.start Démarrage du gestionnaire de protocole ["http-nio-8080"]
31-Mar-2020 15:16:23.492 INFOS [main] org.apache.coyote.AbstractProtocol.start Démarrage du gestionnaire de protocole ["ajp-nio-8009"]
31-Mar-2020 15:16:23.499 INFOS [main] org.apache.catalina.startup.Catalina.start Le démarrage du serveur a pris [1 267] millisecondes
31-Mar-2020 16:56:59.502 GRAVE [main] org.apache.catalina.startup.Catalina.stopServer Impossible de se connecter à [localhost:8005] (port de base [8005] et offset [0]), Tomcat peut ne pas être en cours dexécution
31-Mar-2020 17:03:59.134 INFOS [main] org.apache.catalina.startup.VersionLoggerListener.log Version du serveur:        Apache Tomcat/9.0.17
31-Mar-2020 17:03:59.142 INFOS [main] org.apache.catalina.startup.VersionLoggerListener.log Serveur compilé:       Mar 13 2019 15:55:27 UTC
31-Mar-2020 17:03:59.144 INFOS [main] org.apache.catalina.startup.VersionLoggerListener.log Version du serveur:      9.0.17.0
31-Mar-2020 17:03:59.145 INFOS [main] org.apache.catalina.startup.VersionLoggerListener.log Nom de l'OS:           Windows 10
31-Mar-2020 17:03:59.148 INFOS [main] org.apache.catalina.startup.VersionLoggerListener.log Version de l'OS:        10.0
31-Mar-2020 17:03:59.148 INFOS [main] org.apache.catalina.startup.VersionLoggerListener.log Architecture:          amd64
31-Mar-2020 17:03:59.149 INFOS [main] org.apache.catalina.startup.VersionLoggerListener.log Répertoire de Java:     C:\Program Files\Java\jdk1.8.0_151\jre
31-Mar-2020 17:03:59.149 INFOS [main] org.apache.catalina.startup.VersionLoggerListener.log Version de la JVM:           1.8.0_151-b12
31-Mar-2020 17:03:59.149 INFOS [main] org.apache.catalina.startup.VersionLoggerListener.log Fournisseur de la JVM:            Oracle Corporation
31-Mar-2020 17:03:59.150 INFOS [main] org.apache.catalina.startup.VersionLoggerListener.log CATALINA_BASE:         C:\Users\meyer\Saved\Hes\SDi\apache-tomcat-9.0.17
31-Mar-2020 17:03:59.150 INFOS [main] org.apache.catalina.startup.VersionLoggerListener.log CATALINA_HOME:         C:\Users\meyer\Saved\Hes\SDi\apache-tomcat-9.0.17
31-Mar-2020 17:03:59.150 INFOS [main] org.apache.catalina.startup.VersionLoggerListener.log Argument de la ligne de commande: -Djava.util.logging.config.file=C:\Users\meyer\Saved\Hes\SDi\apache-tomcat-9.0.17\conf\logging.properties
31-Mar-2020 17:03:59.150 INFOS [main] org.apache.catalina.startup.VersionLoggerListener.log Argument de la ligne de commande: -Djava.util.logging.manager=org.apache.juli.ClassLoaderLogManager
31-Mar-2020 17:03:59.151 INFOS [main] org.apache.catalina.startup.VersionLoggerListener.log Argument de la ligne de commande: -Djdk.tls.ephemeralDHKeySize=2048
31-Mar-2020 17:03:59.151 INFOS [main] org.apache.catalina.startup.VersionLoggerListener.log Argument de la ligne de commande: -Djava.protocol.handler.pkgs=org.apache.catalina.webresources
31-Mar-2020 17:03:59.151 INFOS [main] org.apache.catalina.startup.VersionLoggerListener.log Argument de la ligne de commande: -Dignore.endorsed.dirs=
31-Mar-2020 17:03:59.152 INFOS [main] org.apache.catalina.startup.VersionLoggerListener.log Argument de la ligne de commande: -Dcatalina.base=C:\Users\meyer\Saved\Hes\SDi\apache-tomcat-9.0.17
31-Mar-2020 17:03:59.152 INFOS [main] org.apache.catalina.startup.VersionLoggerListener.log Argument de la ligne de commande: -Dcatalina.home=C:\Users\meyer\Saved\Hes\SDi\apache-tomcat-9.0.17
31-Mar-2020 17:03:59.153 INFOS [main] org.apache.catalina.startup.VersionLoggerListener.log Argument de la ligne de commande: -Djava.io.tmpdir=C:\Users\meyer\Saved\Hes\SDi\apache-tomcat-9.0.17\temp
31-Mar-2020 17:03:59.153 INFOS [main] org.apache.catalina.core.AprLifecycleListener.lifecycleEvent Chargement de la librairie Apache Tomcat Native [1.2.21] en utilisant APR version [1.6.5]
31-Mar-2020 17:03:59.154 INFOS [main] org.apache.catalina.core.AprLifecycleListener.lifecycleEvent Fonctionnalités d'APR: IPv6 [true], sendfile [true], accept filters [false], random [true]
31-Mar-2020 17:03:59.154 INFOS [main] org.apache.catalina.core.AprLifecycleListener.lifecycleEvent Configuration de APR/OpenSSL: useAprConnector [false], useOpenSSL [true]
31-Mar-2020 17:03:59.169 INFOS [main] org.apache.catalina.core.AprLifecycleListener.initializeSSL OpenSSL a été initialisé avec succès [OpenSSL 1.1.1a  20 Nov 2018]
31-Mar-2020 17:03:59.333 INFOS [main] org.apache.coyote.AbstractProtocol.init Initialisation du gestionnaire de protocole ["http-nio-8080"]
31-Mar-2020 17:03:59.622 INFOS [main] org.apache.coyote.AbstractProtocol.init Initialisation du gestionnaire de protocole ["ajp-nio-8009"]
31-Mar-2020 17:03:59.640 INFOS [main] org.apache.catalina.startup.Catalina.load L'initialisation du serveur a pris [1 010] millisecondes
31-Mar-2020 17:03:59.700 INFOS [main] org.apache.catalina.core.StandardService.startInternal Démarrage du service [Catalina]
31-Mar-2020 17:03:59.701 INFOS [main] org.apache.catalina.core.StandardEngine.startInternal Démarrage du moteur de Servlets: [Apache Tomcat/9.0.17]
31-Mar-2020 17:03:59.712 INFOS [main] org.apache.catalina.startup.HostConfig.deployDirectory Déploiement du répertoire d'application web [C:\Users\meyer\Saved\Hes\SDi\apache-tomcat-9.0.17\webapps\docs]
31-Mar-2020 17:04:00.049 INFOS [main] org.apache.catalina.startup.HostConfig.deployDirectory Le déploiement du répertoire [C:\Users\meyer\Saved\Hes\SDi\apache-tomcat-9.0.17\webapps\docs] de l'application web s'est terminé en [338] ms
31-Mar-2020 17:04:00.050 INFOS [main] org.apache.catalina.startup.HostConfig.deployDirectory Déploiement du répertoire d'application web [C:\Users\meyer\Saved\Hes\SDi\apache-tomcat-9.0.17\webapps\examples]
31-Mar-2020 17:04:00.651 INFOS [main] org.apache.catalina.startup.HostConfig.deployDirectory Le déploiement du répertoire [C:\Users\meyer\Saved\Hes\SDi\apache-tomcat-9.0.17\webapps\examples] de l'application web s'est terminé en [601] ms
31-Mar-2020 17:04:00.652 INFOS [main] org.apache.catalina.startup.HostConfig.deployDirectory Déploiement du répertoire d'application web [C:\Users\meyer\Saved\Hes\SDi\apache-tomcat-9.0.17\webapps\host-manager]
31-Mar-2020 17:04:00.738 INFOS [main] org.apache.catalina.startup.HostConfig.deployDirectory Le déploiement du répertoire [C:\Users\meyer\Saved\Hes\SDi\apache-tomcat-9.0.17\webapps\host-manager] de l'application web s'est terminé en [85] ms
31-Mar-2020 17:04:00.741 INFOS [main] org.apache.catalina.startup.HostConfig.deployDirectory Déploiement du répertoire d'application web [C:\Users\meyer\Saved\Hes\SDi\apache-tomcat-9.0.17\webapps\manager]
31-Mar-2020 17:04:00.798 INFOS [main] org.apache.catalina.startup.HostConfig.deployDirectory Le déploiement du répertoire [C:\Users\meyer\Saved\Hes\SDi\apache-tomcat-9.0.17\webapps\manager] de l'application web s'est terminé en [57] ms
31-Mar-2020 17:04:00.800 INFOS [main] org.apache.catalina.startup.HostConfig.deployDirectory Déploiement du répertoire d'application web [C:\Users\meyer\Saved\Hes\SDi\apache-tomcat-9.0.17\webapps\miniCalc]
31-Mar-2020 17:04:00.873 INFOS [main] org.apache.catalina.startup.HostConfig.deployDirectory Le déploiement du répertoire [C:\Users\meyer\Saved\Hes\SDi\apache-tomcat-9.0.17\webapps\miniCalc] de l'application web s'est terminé en [74] ms
31-Mar-2020 17:04:00.874 INFOS [main] org.apache.catalina.startup.HostConfig.deployDirectory Déploiement du répertoire d'application web [C:\Users\meyer\Saved\Hes\SDi\apache-tomcat-9.0.17\webapps\phonebook]
31-Mar-2020 17:04:00.950 INFOS [main] org.apache.catalina.startup.HostConfig.deployDirectory Le déploiement du répertoire [C:\Users\meyer\Saved\Hes\SDi\apache-tomcat-9.0.17\webapps\phonebook] de l'application web s'est terminé en [76] ms
31-Mar-2020 17:04:00.950 INFOS [main] org.apache.catalina.startup.HostConfig.deployDirectory Déploiement du répertoire d'application web [C:\Users\meyer\Saved\Hes\SDi\apache-tomcat-9.0.17\webapps\ROOT]
31-Mar-2020 17:04:00.985 INFOS [main] org.apache.catalina.startup.HostConfig.deployDirectory Le déploiement du répertoire [C:\Users\meyer\Saved\Hes\SDi\apache-tomcat-9.0.17\webapps\ROOT] de l'application web s'est terminé en [35] ms
31-Mar-2020 17:04:00.990 INFOS [main] org.apache.coyote.AbstractProtocol.start Démarrage du gestionnaire de protocole ["http-nio-8080"]
31-Mar-2020 17:04:01.005 INFOS [main] org.apache.coyote.AbstractProtocol.start Démarrage du gestionnaire de protocole ["ajp-nio-8009"]
31-Mar-2020 17:04:01.011 INFOS [main] org.apache.catalina.startup.Catalina.start Le démarrage du serveur a pris [1 371] millisecondes
31-Mar-2020 17:04:49.149 GRAVE [main] org.apache.catalina.startup.Catalina.stopServer Impossible de se connecter à [localhost:8005] (port de base [8005] et offset [0]), Tomcat peut ne pas être en cours dexécution
