27-Mar-2020 10:12:09.264 INFO [Catalina-utility-1] org.apache.catalina.startup.HostConfig.deployDirectory Deploying web application directory [/Users/rim/switchdrive/Courses/Bachelor/SDi/Course/KursWWW/Exercises/apache-tomcat-9.0.17/webapps/phonebook]
27-Mar-2020 10:12:09.298 INFO [Catalina-utility-1] org.apache.catalina.startup.HostConfig.deployDirectory Deployment of web application directory [/Users/rim/switchdrive/Courses/Bachelor/SDi/Course/KursWWW/Exercises/apache-tomcat-9.0.17/webapps/phonebook] has finished in [34] ms
27-Mar-2020 10:16:00.242 INFO [main] org.apache.catalina.startup.VersionLoggerListener.log Server version name:   Apache Tomcat/9.0.17
27-Mar-2020 10:16:00.245 INFO [main] org.apache.catalina.startup.VersionLoggerListener.log Server built:          Mar 13 2019 15:55:27 UTC
27-Mar-2020 10:16:00.246 INFO [main] org.apache.catalina.startup.VersionLoggerListener.log Server version number: 9.0.17.0
27-Mar-2020 10:16:00.246 INFO [main] org.apache.catalina.startup.VersionLoggerListener.log OS Name:               Mac OS X
27-Mar-2020 10:16:00.246 INFO [main] org.apache.catalina.startup.VersionLoggerListener.log OS Version:            10.14.6
27-Mar-2020 10:16:00.246 INFO [main] org.apache.catalina.startup.VersionLoggerListener.log Architecture:          x86_64
27-Mar-2020 10:16:00.247 INFO [main] org.apache.catalina.startup.VersionLoggerListener.log Java Home:             /Library/Java/JavaVirtualMachines/jdk-11.0.2.jdk/Contents/Home
27-Mar-2020 10:16:00.247 INFO [main] org.apache.catalina.startup.VersionLoggerListener.log JVM Version:           11.0.2+9-LTS
27-Mar-2020 10:16:00.247 INFO [main] org.apache.catalina.startup.VersionLoggerListener.log JVM Vendor:            Oracle Corporation
27-Mar-2020 10:16:00.247 INFO [main] org.apache.catalina.startup.VersionLoggerListener.log CATALINA_BASE:         /Users/rim/switchdrive/Courses/Bachelor/SDi/Course/KursWWW/Exercises/apache-tomcat-9.0.17
27-Mar-2020 10:16:00.247 INFO [main] org.apache.catalina.startup.VersionLoggerListener.log CATALINA_HOME:         /Users/rim/switchdrive/Courses/Bachelor/SDi/Course/KursWWW/Exercises/apache-tomcat-9.0.17
27-Mar-2020 10:16:00.249 INFO [main] org.apache.catalina.startup.VersionLoggerListener.log Command line argument: --add-opens=java.base/java.lang=ALL-UNNAMED
27-Mar-2020 10:16:00.249 INFO [main] org.apache.catalina.startup.VersionLoggerListener.log Command line argument: --add-opens=java.base/java.io=ALL-UNNAMED
27-Mar-2020 10:16:00.249 INFO [main] org.apache.catalina.startup.VersionLoggerListener.log Command line argument: --add-opens=java.rmi/sun.rmi.transport=ALL-UNNAMED
27-Mar-2020 10:16:00.249 INFO [main] org.apache.catalina.startup.VersionLoggerListener.log Command line argument: -Djava.util.logging.config.file=/Users/rim/switchdrive/Courses/Bachelor/SDi/Course/KursWWW/Exercises/apache-tomcat-9.0.17/conf/logging.properties
27-Mar-2020 10:16:00.249 INFO [main] org.apache.catalina.startup.VersionLoggerListener.log Command line argument: -Djava.util.logging.manager=org.apache.juli.ClassLoaderLogManager
27-Mar-2020 10:16:00.249 INFO [main] org.apache.catalina.startup.VersionLoggerListener.log Command line argument: -Djdk.tls.ephemeralDHKeySize=2048
27-Mar-2020 10:16:00.249 INFO [main] org.apache.catalina.startup.VersionLoggerListener.log Command line argument: -Djava.protocol.handler.pkgs=org.apache.catalina.webresources
27-Mar-2020 10:16:00.250 INFO [main] org.apache.catalina.startup.VersionLoggerListener.log Command line argument: -Dorg.apache.catalina.security.SecurityListener.UMASK=0027
27-Mar-2020 10:16:00.250 INFO [main] org.apache.catalina.startup.VersionLoggerListener.log Command line argument: -Dignore.endorsed.dirs=
27-Mar-2020 10:16:00.250 INFO [main] org.apache.catalina.startup.VersionLoggerListener.log Command line argument: -Dcatalina.base=/Users/rim/switchdrive/Courses/Bachelor/SDi/Course/KursWWW/Exercises/apache-tomcat-9.0.17
27-Mar-2020 10:16:00.250 INFO [main] org.apache.catalina.startup.VersionLoggerListener.log Command line argument: -Dcatalina.home=/Users/rim/switchdrive/Courses/Bachelor/SDi/Course/KursWWW/Exercises/apache-tomcat-9.0.17
27-Mar-2020 10:16:00.250 INFO [main] org.apache.catalina.startup.VersionLoggerListener.log Command line argument: -Djava.io.tmpdir=/Users/rim/switchdrive/Courses/Bachelor/SDi/Course/KursWWW/Exercises/apache-tomcat-9.0.17/temp
27-Mar-2020 10:16:00.250 INFO [main] org.apache.catalina.core.AprLifecycleListener.lifecycleEvent The APR based Apache Tomcat Native library which allows optimal performance in production environments was not found on the java.library.path: [/Users/rim/Library/Java/Extensions:/Library/Java/Extensions:/Network/Library/Java/Extensions:/System/Library/Java/Extensions:/usr/lib/java:.]
27-Mar-2020 10:16:00.290 INFO [main] org.apache.coyote.AbstractProtocol.init Initializing ProtocolHandler ["http-nio-8080"]
27-Mar-2020 10:16:00.309 SEVERE [main] org.apache.catalina.util.LifecycleBase.handleSubClassException Failed to initialize component [Connector[HTTP/1.1-8080]]
 org.apache.catalina.LifecycleException: Protocol handler initialization failed
	at org.apache.catalina.connector.Connector.initInternal(Connector.java:983)
	at org.apache.catalina.util.LifecycleBase.init(LifecycleBase.java:136)
	at org.apache.catalina.core.StandardService.initInternal(StandardService.java:535)
	at org.apache.catalina.util.LifecycleBase.init(LifecycleBase.java:136)
	at org.apache.catalina.core.StandardServer.initInternal(StandardServer.java:1055)
	at org.apache.catalina.util.LifecycleBase.init(LifecycleBase.java:136)
	at org.apache.catalina.startup.Catalina.load(Catalina.java:585)
	at org.apache.catalina.startup.Catalina.load(Catalina.java:608)
	at java.base/jdk.internal.reflect.NativeMethodAccessorImpl.invoke0(Native Method)
	at java.base/jdk.internal.reflect.NativeMethodAccessorImpl.invoke(NativeMethodAccessorImpl.java:62)
	at java.base/jdk.internal.reflect.DelegatingMethodAccessorImpl.invoke(DelegatingMethodAccessorImpl.java:43)
	at java.base/java.lang.reflect.Method.invoke(Method.java:566)
	at org.apache.catalina.startup.Bootstrap.load(Bootstrap.java:306)
	at org.apache.catalina.startup.Bootstrap.main(Bootstrap.java:491)
Caused by: java.net.BindException: Address already in use
	at java.base/sun.nio.ch.Net.bind0(Native Method)
	at java.base/sun.nio.ch.Net.bind(Net.java:461)
	at java.base/sun.nio.ch.Net.bind(Net.java:453)
	at java.base/sun.nio.ch.ServerSocketChannelImpl.bind(ServerSocketChannelImpl.java:227)
	at java.base/sun.nio.ch.ServerSocketAdaptor.bind(ServerSocketAdaptor.java:80)
	at org.apache.tomcat.util.net.NioEndpoint.initServerSocket(NioEndpoint.java:236)
	at org.apache.tomcat.util.net.NioEndpoint.bind(NioEndpoint.java:210)
	at org.apache.tomcat.util.net.AbstractEndpoint.bindWithCleanup(AbstractEndpoint.java:1103)
	at org.apache.tomcat.util.net.AbstractEndpoint.init(AbstractEndpoint.java:1116)
	at org.apache.coyote.AbstractProtocol.init(AbstractProtocol.java:557)
	at org.apache.coyote.http11.AbstractHttp11Protocol.init(AbstractHttp11Protocol.java:74)
	at org.apache.catalina.connector.Connector.initInternal(Connector.java:980)
	... 13 more

27-Mar-2020 10:16:00.310 INFO [main] org.apache.coyote.AbstractProtocol.init Initializing ProtocolHandler ["ajp-nio-8009"]
27-Mar-2020 10:16:00.311 SEVERE [main] org.apache.catalina.util.LifecycleBase.handleSubClassException Failed to initialize component [Connector[AJP/1.3-8009]]
 org.apache.catalina.LifecycleException: Protocol handler initialization failed
	at org.apache.catalina.connector.Connector.initInternal(Connector.java:983)
	at org.apache.catalina.util.LifecycleBase.init(LifecycleBase.java:136)
	at org.apache.catalina.core.StandardService.initInternal(StandardService.java:535)
	at org.apache.catalina.util.LifecycleBase.init(LifecycleBase.java:136)
	at org.apache.catalina.core.StandardServer.initInternal(StandardServer.java:1055)
	at org.apache.catalina.util.LifecycleBase.init(LifecycleBase.java:136)
	at org.apache.catalina.startup.Catalina.load(Catalina.java:585)
	at org.apache.catalina.startup.Catalina.load(Catalina.java:608)
	at java.base/jdk.internal.reflect.NativeMethodAccessorImpl.invoke0(Native Method)
	at java.base/jdk.internal.reflect.NativeMethodAccessorImpl.invoke(NativeMethodAccessorImpl.java:62)
	at java.base/jdk.internal.reflect.DelegatingMethodAccessorImpl.invoke(DelegatingMethodAccessorImpl.java:43)
	at java.base/java.lang.reflect.Method.invoke(Method.java:566)
	at org.apache.catalina.startup.Bootstrap.load(Bootstrap.java:306)
	at org.apache.catalina.startup.Bootstrap.main(Bootstrap.java:491)
Caused by: java.net.BindException: Address already in use
	at java.base/sun.nio.ch.Net.bind0(Native Method)
	at java.base/sun.nio.ch.Net.bind(Net.java:461)
	at java.base/sun.nio.ch.Net.bind(Net.java:453)
	at java.base/sun.nio.ch.ServerSocketChannelImpl.bind(ServerSocketChannelImpl.java:227)
	at java.base/sun.nio.ch.ServerSocketAdaptor.bind(ServerSocketAdaptor.java:80)
	at org.apache.tomcat.util.net.NioEndpoint.initServerSocket(NioEndpoint.java:236)
	at org.apache.tomcat.util.net.NioEndpoint.bind(NioEndpoint.java:210)
	at org.apache.tomcat.util.net.AbstractEndpoint.bindWithCleanup(AbstractEndpoint.java:1103)
	at org.apache.tomcat.util.net.AbstractEndpoint.init(AbstractEndpoint.java:1116)
	at org.apache.coyote.AbstractProtocol.init(AbstractProtocol.java:557)
	at org.apache.catalina.connector.Connector.initInternal(Connector.java:980)
	... 13 more

27-Mar-2020 10:16:00.312 INFO [main] org.apache.catalina.startup.Catalina.load Server initialization in [438] milliseconds
27-Mar-2020 10:16:00.355 INFO [main] org.apache.catalina.core.StandardService.startInternal Starting service [Catalina]
27-Mar-2020 10:16:00.355 INFO [main] org.apache.catalina.core.StandardEngine.startInternal Starting Servlet engine: [Apache Tomcat/9.0.17]
27-Mar-2020 10:16:00.361 INFO [main] org.apache.catalina.startup.HostConfig.deployDirectory Deploying web application directory [/Users/rim/switchdrive/Courses/Bachelor/SDi/Course/KursWWW/Exercises/apache-tomcat-9.0.17/webapps/phonebook]
27-Mar-2020 10:16:00.647 INFO [main] org.apache.catalina.startup.HostConfig.deployDirectory Deployment of web application directory [/Users/rim/switchdrive/Courses/Bachelor/SDi/Course/KursWWW/Exercises/apache-tomcat-9.0.17/webapps/phonebook] has finished in [286] ms
27-Mar-2020 10:16:00.648 INFO [main] org.apache.catalina.startup.HostConfig.deployDirectory Deploying web application directory [/Users/rim/switchdrive/Courses/Bachelor/SDi/Course/KursWWW/Exercises/apache-tomcat-9.0.17/webapps/miniCalc]
27-Mar-2020 10:16:00.670 INFO [main] org.apache.catalina.startup.HostConfig.deployDirectory Deployment of web application directory [/Users/rim/switchdrive/Courses/Bachelor/SDi/Course/KursWWW/Exercises/apache-tomcat-9.0.17/webapps/miniCalc] has finished in [21] ms
27-Mar-2020 10:16:00.670 INFO [main] org.apache.catalina.startup.HostConfig.deployDirectory Deploying web application directory [/Users/rim/switchdrive/Courses/Bachelor/SDi/Course/KursWWW/Exercises/apache-tomcat-9.0.17/webapps/docs]
27-Mar-2020 10:16:00.691 INFO [main] org.apache.catalina.startup.HostConfig.deployDirectory Deployment of web application directory [/Users/rim/switchdrive/Courses/Bachelor/SDi/Course/KursWWW/Exercises/apache-tomcat-9.0.17/webapps/docs] has finished in [21] ms
27-Mar-2020 10:16:00.692 INFO [main] org.apache.catalina.startup.HostConfig.deployDirectory Deploying web application directory [/Users/rim/switchdrive/Courses/Bachelor/SDi/Course/KursWWW/Exercises/apache-tomcat-9.0.17/webapps/manager]
27-Mar-2020 10:16:00.720 INFO [main] org.apache.catalina.startup.HostConfig.deployDirectory Deployment of web application directory [/Users/rim/switchdrive/Courses/Bachelor/SDi/Course/KursWWW/Exercises/apache-tomcat-9.0.17/webapps/manager] has finished in [27] ms
27-Mar-2020 10:16:00.720 INFO [main] org.apache.catalina.startup.HostConfig.deployDirectory Deploying web application directory [/Users/rim/switchdrive/Courses/Bachelor/SDi/Course/KursWWW/Exercises/apache-tomcat-9.0.17/webapps/examples]
27-Mar-2020 10:16:00.945 INFO [main] org.apache.catalina.startup.HostConfig.deployDirectory Deployment of web application directory [/Users/rim/switchdrive/Courses/Bachelor/SDi/Course/KursWWW/Exercises/apache-tomcat-9.0.17/webapps/examples] has finished in [225] ms
27-Mar-2020 10:16:00.946 INFO [main] org.apache.catalina.startup.HostConfig.deployDirectory Deploying web application directory [/Users/rim/switchdrive/Courses/Bachelor/SDi/Course/KursWWW/Exercises/apache-tomcat-9.0.17/webapps/ROOT]
27-Mar-2020 10:16:00.965 INFO [main] org.apache.catalina.startup.HostConfig.deployDirectory Deployment of web application directory [/Users/rim/switchdrive/Courses/Bachelor/SDi/Course/KursWWW/Exercises/apache-tomcat-9.0.17/webapps/ROOT] has finished in [20] ms
27-Mar-2020 10:16:00.965 INFO [main] org.apache.catalina.startup.HostConfig.deployDirectory Deploying web application directory [/Users/rim/switchdrive/Courses/Bachelor/SDi/Course/KursWWW/Exercises/apache-tomcat-9.0.17/webapps/host-manager]
27-Mar-2020 10:16:00.984 INFO [main] org.apache.catalina.startup.HostConfig.deployDirectory Deployment of web application directory [/Users/rim/switchdrive/Courses/Bachelor/SDi/Course/KursWWW/Exercises/apache-tomcat-9.0.17/webapps/host-manager] has finished in [18] ms
27-Mar-2020 10:16:00.988 INFO [main] org.apache.catalina.startup.Catalina.start Server startup in [675] milliseconds
27-Mar-2020 10:16:00.994 SEVERE [main] org.apache.catalina.core.StandardServer.await Failed to create server shutdown socket on address [localhost] and port [8005] (base port [8005] and offset [0])
 java.net.BindException: Address already in use (Bind failed)
	at java.base/java.net.PlainSocketImpl.socketBind(Native Method)
	at java.base/java.net.AbstractPlainSocketImpl.bind(AbstractPlainSocketImpl.java:436)
	at java.base/java.net.ServerSocket.bind(ServerSocket.java:381)
	at java.base/java.net.ServerSocket.<init>(ServerSocket.java:243)
	at org.apache.catalina.core.StandardServer.await(StandardServer.java:582)
	at org.apache.catalina.startup.Catalina.await(Catalina.java:722)
	at org.apache.catalina.startup.Catalina.start(Catalina.java:668)
	at java.base/jdk.internal.reflect.NativeMethodAccessorImpl.invoke0(Native Method)
	at java.base/jdk.internal.reflect.NativeMethodAccessorImpl.invoke(NativeMethodAccessorImpl.java:62)
	at java.base/jdk.internal.reflect.DelegatingMethodAccessorImpl.invoke(DelegatingMethodAccessorImpl.java:43)
	at java.base/java.lang.reflect.Method.invoke(Method.java:566)
	at org.apache.catalina.startup.Bootstrap.start(Bootstrap.java:350)
	at org.apache.catalina.startup.Bootstrap.main(Bootstrap.java:492)

27-Mar-2020 10:16:00.995 INFO [main] org.apache.coyote.AbstractProtocol.pause Pausing ProtocolHandler ["http-nio-8080"]
27-Mar-2020 10:16:00.995 INFO [main] org.apache.coyote.AbstractProtocol.pause Pausing ProtocolHandler ["ajp-nio-8009"]
27-Mar-2020 10:16:00.995 INFO [main] org.apache.catalina.core.StandardService.stopInternal Stopping service [Catalina]
27-Mar-2020 10:16:01.017 INFO [main] org.apache.coyote.AbstractProtocol.stop Stopping ProtocolHandler ["http-nio-8080"]
27-Mar-2020 10:16:01.017 INFO [main] org.apache.coyote.AbstractProtocol.destroy Destroying ProtocolHandler ["http-nio-8080"]
27-Mar-2020 10:16:01.017 INFO [main] org.apache.coyote.AbstractProtocol.stop Stopping ProtocolHandler ["ajp-nio-8009"]
27-Mar-2020 10:16:01.018 INFO [main] org.apache.coyote.AbstractProtocol.destroy Destroying ProtocolHandler ["ajp-nio-8009"]
