07-Apr-2020 13:22:03.784 INFOS [main] org.apache.catalina.core.ApplicationContext.log ContextListener: contextInitialized()
07-Apr-2020 13:22:03.785 INFOS [main] org.apache.catalina.core.ApplicationContext.log SessionListener: contextInitialized()
07-Apr-2020 13:22:03.787 INFOS [main] org.apache.catalina.core.ApplicationContext.log ContextListener: attributeAdded('StockTicker', 'async.Stockticker@10aa41f2')
07-Apr-2020 14:15:10.599 INFOS [main] org.apache.catalina.core.ApplicationContext.log SessionListener: contextDestroyed()
07-Apr-2020 14:15:10.600 INFOS [main] org.apache.catalina.core.ApplicationContext.log ContextListener: contextDestroyed()
07-Apr-2020 14:15:16.020 INFOS [main] org.apache.catalina.core.ApplicationContext.log ContextListener: contextInitialized()
07-Apr-2020 14:15:16.021 INFOS [main] org.apache.catalina.core.ApplicationContext.log SessionListener: contextInitialized()
07-Apr-2020 14:15:16.023 INFOS [main] org.apache.catalina.core.ApplicationContext.log ContextListener: attributeAdded('StockTicker', 'async.Stockticker@c86b9e3')
07-Apr-2020 14:36:57.833 INFOS [main] org.apache.catalina.core.ApplicationContext.log SessionListener: contextDestroyed()
07-Apr-2020 14:36:57.833 INFOS [main] org.apache.catalina.core.ApplicationContext.log ContextListener: contextDestroyed()
07-Apr-2020 14:37:01.394 INFOS [main] org.apache.catalina.core.ApplicationContext.log ContextListener: contextInitialized()
07-Apr-2020 14:37:01.394 INFOS [main] org.apache.catalina.core.ApplicationContext.log SessionListener: contextInitialized()
07-Apr-2020 14:37:01.396 INFOS [main] org.apache.catalina.core.ApplicationContext.log ContextListener: attributeAdded('StockTicker', 'async.Stockticker@10aa41f2')
07-Apr-2020 14:51:16.879 INFOS [main] org.apache.catalina.core.ApplicationContext.log SessionListener: contextDestroyed()
07-Apr-2020 14:51:16.879 INFOS [main] org.apache.catalina.core.ApplicationContext.log ContextListener: contextDestroyed()
07-Apr-2020 14:51:21.001 INFOS [main] org.apache.catalina.core.ApplicationContext.log ContextListener: contextInitialized()
07-Apr-2020 14:51:21.002 INFOS [main] org.apache.catalina.core.ApplicationContext.log SessionListener: contextInitialized()
07-Apr-2020 14:51:21.005 INFOS [main] org.apache.catalina.core.ApplicationContext.log ContextListener: attributeAdded('StockTicker', 'async.Stockticker@10aa41f2')
07-Apr-2020 15:18:36.208 INFOS [main] org.apache.catalina.core.ApplicationContext.log SessionListener: contextDestroyed()
07-Apr-2020 15:18:36.208 INFOS [main] org.apache.catalina.core.ApplicationContext.log ContextListener: contextDestroyed()
07-Apr-2020 15:18:43.899 INFOS [main] org.apache.catalina.core.ApplicationContext.log ContextListener: contextInitialized()
07-Apr-2020 15:18:43.899 INFOS [main] org.apache.catalina.core.ApplicationContext.log SessionListener: contextInitialized()
07-Apr-2020 15:18:43.901 INFOS [main] org.apache.catalina.core.ApplicationContext.log ContextListener: attributeAdded('StockTicker', 'async.Stockticker@10aa41f2')
07-Apr-2020 15:29:58.897 INFOS [main] org.apache.catalina.core.ApplicationContext.log SessionListener: contextDestroyed()
07-Apr-2020 15:29:58.898 INFOS [main] org.apache.catalina.core.ApplicationContext.log ContextListener: contextDestroyed()
07-Apr-2020 15:30:04.514 INFOS [main] org.apache.catalina.core.ApplicationContext.log ContextListener: contextInitialized()
07-Apr-2020 15:30:04.514 INFOS [main] org.apache.catalina.core.ApplicationContext.log SessionListener: contextInitialized()
07-Apr-2020 15:30:04.516 INFOS [main] org.apache.catalina.core.ApplicationContext.log ContextListener: attributeAdded('StockTicker', 'async.Stockticker@10aa41f2')
07-Apr-2020 15:38:11.526 INFOS [main] org.apache.catalina.core.ApplicationContext.log SessionListener: contextDestroyed()
07-Apr-2020 15:38:11.526 INFOS [main] org.apache.catalina.core.ApplicationContext.log ContextListener: contextDestroyed()
07-Apr-2020 15:38:19.240 INFOS [main] org.apache.catalina.core.ApplicationContext.log ContextListener: contextInitialized()
07-Apr-2020 15:38:19.240 INFOS [main] org.apache.catalina.core.ApplicationContext.log SessionListener: contextInitialized()
07-Apr-2020 15:38:19.242 INFOS [main] org.apache.catalina.core.ApplicationContext.log ContextListener: attributeAdded('StockTicker', 'async.Stockticker@c86b9e3')
07-Apr-2020 15:47:44.735 INFOS [main] org.apache.catalina.core.ApplicationContext.log SessionListener: contextDestroyed()
07-Apr-2020 15:47:44.735 INFOS [main] org.apache.catalina.core.ApplicationContext.log ContextListener: contextDestroyed()
07-Apr-2020 15:50:16.688 INFOS [main] org.apache.catalina.core.ApplicationContext.log ContextListener: contextInitialized()
07-Apr-2020 15:50:16.688 INFOS [main] org.apache.catalina.core.ApplicationContext.log SessionListener: contextInitialized()
07-Apr-2020 15:50:16.690 INFOS [main] org.apache.catalina.core.ApplicationContext.log ContextListener: attributeAdded('StockTicker', 'async.Stockticker@10aa41f2')
07-Apr-2020 15:51:33.020 INFOS [main] org.apache.catalina.core.ApplicationContext.log SessionListener: contextDestroyed()
07-Apr-2020 15:51:33.020 INFOS [main] org.apache.catalina.core.ApplicationContext.log ContextListener: contextDestroyed()
07-Apr-2020 15:51:42.391 INFOS [main] org.apache.catalina.core.ApplicationContext.log ContextListener: contextInitialized()
07-Apr-2020 15:51:42.392 INFOS [main] org.apache.catalina.core.ApplicationContext.log SessionListener: contextInitialized()
07-Apr-2020 15:51:42.394 INFOS [main] org.apache.catalina.core.ApplicationContext.log ContextListener: attributeAdded('StockTicker', 'async.Stockticker@10aa41f2')
07-Apr-2020 15:55:22.238 INFOS [main] org.apache.catalina.core.ApplicationContext.log SessionListener: contextDestroyed()
07-Apr-2020 15:55:22.239 INFOS [main] org.apache.catalina.core.ApplicationContext.log ContextListener: contextDestroyed()
07-Apr-2020 15:55:25.454 INFOS [main] org.apache.catalina.core.ApplicationContext.log ContextListener: contextInitialized()
07-Apr-2020 15:55:25.454 INFOS [main] org.apache.catalina.core.ApplicationContext.log SessionListener: contextInitialized()
07-Apr-2020 15:55:25.457 INFOS [main] org.apache.catalina.core.ApplicationContext.log ContextListener: attributeAdded('StockTicker', 'async.Stockticker@10aa41f2')
07-Apr-2020 15:58:38.760 INFOS [main] org.apache.catalina.core.ApplicationContext.log SessionListener: contextDestroyed()
07-Apr-2020 15:58:38.760 INFOS [main] org.apache.catalina.core.ApplicationContext.log ContextListener: contextDestroyed()
07-Apr-2020 15:58:42.105 INFOS [main] org.apache.catalina.core.ApplicationContext.log ContextListener: contextInitialized()
07-Apr-2020 15:58:42.105 INFOS [main] org.apache.catalina.core.ApplicationContext.log SessionListener: contextInitialized()
07-Apr-2020 15:58:42.108 INFOS [main] org.apache.catalina.core.ApplicationContext.log ContextListener: attributeAdded('StockTicker', 'async.Stockticker@10aa41f2')
07-Apr-2020 16:00:09.391 INFOS [main] org.apache.catalina.core.ApplicationContext.log SessionListener: contextDestroyed()
07-Apr-2020 16:00:09.391 INFOS [main] org.apache.catalina.core.ApplicationContext.log ContextListener: contextDestroyed()
